2024-11-04,11:06:59 | INFO | No latest resume checkpoint found in ./logs/2024_11_04-11_06_59-model_ViT-S-16-lr_0.002-b_1024-j_8-p_pure_bf16/checkpoints.
2024-11-04,11:06:59 | INFO | Running with a single process. Device cuda.
2024-11-04,11:06:59 | INFO | Loaded ViT-S-16 model config.
2024-11-04,11:07:00 | INFO | Model:
2024-11-04,11:07:00 | INFO | CLIP(
  (visual): VisionTransformer(
    (conv1): Conv2d(3, 384, kernel_size=(16, 16), stride=(16, 16), bias=False)
    (patch_dropout): Identity()
    (ln_pre): LayerNorm((384,), eps=1e-05, elementwise_affine=True)
    (transformer): Transformer(
      (resblocks): ModuleList(
        (0-11): 12 x ResidualAttentionBlock(
          (ln_1): LayerNorm((384,), eps=1e-05, elementwise_affine=True)
          (attn): MultiheadAttention(
            (out_proj): NonDynamicallyQuantizableLinear(in_features=384, out_features=384, bias=True)
          )
          (ls_1): Identity()
          (ln_2): LayerNorm((384,), eps=1e-05, elementwise_affine=True)
          (mlp): Sequential(
            (c_fc): Linear(in_features=384, out_features=1536, bias=True)
            (gelu): GELU(approximate='none')
            (c_proj): Linear(in_features=1536, out_features=384, bias=True)
          )
          (ls_2): Identity()
        )
      )
    )
    (ln_post): LayerNorm((384,), eps=1e-05, elementwise_affine=True)
  )
  (transformer): Transformer(
    (resblocks): ModuleList(
      (0-11): 12 x ResidualAttentionBlock(
        (ln_1): LayerNorm((384,), eps=1e-05, elementwise_affine=True)
        (attn): MultiheadAttention(
          (out_proj): NonDynamicallyQuantizableLinear(in_features=384, out_features=384, bias=True)
        )
        (ls_1): Identity()
        (ln_2): LayerNorm((384,), eps=1e-05, elementwise_affine=True)
        (mlp): Sequential(
          (c_fc): Linear(in_features=384, out_features=1536, bias=True)
          (gelu): GELU(approximate='none')
          (c_proj): Linear(in_features=1536, out_features=384, bias=True)
        )
        (ls_2): Identity()
      )
    )
  )
  (token_embedding): Embedding(49408, 384)
  (ln_final): LayerNorm((384,), eps=1e-05, elementwise_affine=True)
)
2024-11-04,11:07:00 | INFO | Params:
2024-11-04,11:07:00 | INFO |   accum_freq: 1
2024-11-04,11:07:00 | INFO |   aug_cfg: {}
2024-11-04,11:07:00 | INFO |   batch_size: 1024
2024-11-04,11:07:00 | INFO |   beta1: 0.9
2024-11-04,11:07:00 | INFO |   beta2: 0.95
2024-11-04,11:07:00 | INFO |   cache_dir: None
2024-11-04,11:07:00 | INFO |   checkpoint_path: ./logs/2024_11_04-11_06_59-model_ViT-S-16-lr_0.002-b_1024-j_8-p_pure_bf16/checkpoints
2024-11-04,11:07:00 | INFO |   coca_caption_loss_weight: 2.0
2024-11-04,11:07:00 | INFO |   coca_contrastive_loss_weight: 1.0
2024-11-04,11:07:00 | INFO |   copy_codebase: False
2024-11-04,11:07:00 | INFO |   csv_caption_key: title
2024-11-04,11:07:00 | INFO |   csv_img_key: filepath
2024-11-04,11:07:00 | INFO |   csv_separator: 	
2024-11-04,11:07:00 | INFO |   dataset_resampled: True
2024-11-04,11:07:00 | INFO |   dataset_type: webdataset
2024-11-04,11:07:00 | INFO |   ddp_static_graph: True
2024-11-04,11:07:00 | INFO |   debug: False
2024-11-04,11:07:00 | INFO |   delete_previous_checkpoint: True
2024-11-04,11:07:00 | INFO |   device: cuda
2024-11-04,11:07:00 | INFO |   dist_backend: None
2024-11-04,11:07:00 | INFO |   dist_url: None
2024-11-04,11:07:00 | INFO |   distill: False
2024-11-04,11:07:00 | INFO |   distill_model: None
2024-11-04,11:07:00 | INFO |   distill_pretrained: None
2024-11-04,11:07:00 | INFO |   distributed: False
2024-11-04,11:07:00 | INFO |   epochs: 60
2024-11-04,11:07:00 | INFO |   epochs_cooldown: None
2024-11-04,11:07:00 | INFO |   eps: 1e-06
2024-11-04,11:07:00 | INFO |   force_custom_text: False
2024-11-04,11:07:00 | INFO |   force_image_size: None
2024-11-04,11:07:00 | INFO |   force_patch_dropout: None
2024-11-04,11:07:00 | INFO |   force_quick_gelu: False
2024-11-04,11:07:00 | INFO |   gather_with_grad: False
2024-11-04,11:07:00 | INFO |   grad_checkpointing: False
2024-11-04,11:07:00 | INFO |   grad_clip_norm: None
2024-11-04,11:07:00 | INFO |   horovod: False
2024-11-04,11:07:00 | INFO |   image_interpolation: None
2024-11-04,11:07:00 | INFO |   image_mean: None
2024-11-04,11:07:00 | INFO |   image_resize_mode: None
2024-11-04,11:07:00 | INFO |   image_std: None
2024-11-04,11:07:00 | INFO |   imagenet_v2: None
2024-11-04,11:07:00 | INFO |   imagenet_val: /home/user/open_clip/open_clip/val_data/val/
2024-11-04,11:07:00 | INFO |   local_loss: False
2024-11-04,11:07:00 | INFO |   local_rank: 0
2024-11-04,11:07:00 | INFO |   lock_image: False
2024-11-04,11:07:00 | INFO |   lock_image_freeze_bn_stats: False
2024-11-04,11:07:00 | INFO |   lock_image_unlocked_groups: 0
2024-11-04,11:07:00 | INFO |   lock_text: False
2024-11-04,11:07:00 | INFO |   lock_text_freeze_layer_norm: False
2024-11-04,11:07:00 | INFO |   lock_text_unlocked_layers: 0
2024-11-04,11:07:00 | INFO |   log_every_n_steps: 100
2024-11-04,11:07:00 | INFO |   log_level: 20
2024-11-04,11:07:00 | INFO |   log_local: False
2024-11-04,11:07:00 | INFO |   log_path: ./logs/2024_11_04-11_06_59-model_ViT-S-16-lr_0.002-b_1024-j_8-p_pure_bf16/out.log
2024-11-04,11:07:00 | INFO |   logs: ./logs/
2024-11-04,11:07:00 | INFO |   lr: 0.002
2024-11-04,11:07:00 | INFO |   lr_cooldown_end: 0.0
2024-11-04,11:07:00 | INFO |   lr_cooldown_power: 1.0
2024-11-04,11:07:00 | INFO |   lr_scheduler: cosine
2024-11-04,11:07:00 | INFO |   model: ViT-S-16
2024-11-04,11:07:00 | INFO |   name: 2024_11_04-11_06_59-model_ViT-S-16-lr_0.002-b_1024-j_8-p_pure_bf16
2024-11-04,11:07:00 | INFO |   no_set_device_rank: False
2024-11-04,11:07:00 | INFO |   precision: pure_bf16
2024-11-04,11:07:00 | INFO |   pretrained: 
2024-11-04,11:07:00 | INFO |   pretrained_image: False
2024-11-04,11:07:00 | INFO |   rank: 0
2024-11-04,11:07:00 | INFO |   remote_sync: None
2024-11-04,11:07:00 | INFO |   remote_sync_frequency: 300
2024-11-04,11:07:00 | INFO |   remote_sync_protocol: s3
2024-11-04,11:07:00 | INFO |   report_to: wandb
2024-11-04,11:07:00 | INFO |   resume: None
2024-11-04,11:07:00 | INFO |   save_frequency: 1
2024-11-04,11:07:00 | INFO |   save_most_recent: True
2024-11-04,11:07:00 | INFO |   seed: 0
2024-11-04,11:07:00 | INFO |   siglip: False
2024-11-04,11:07:00 | INFO |   skip_scheduler: False
2024-11-04,11:07:00 | INFO |   tensorboard: False
2024-11-04,11:07:00 | INFO |   tensorboard_path: 
2024-11-04,11:07:00 | INFO |   torchcompile: False
2024-11-04,11:07:00 | INFO |   torchscript: False
2024-11-04,11:07:00 | INFO |   trace: False
2024-11-04,11:07:00 | INFO |   train_data: ./mscoco/{00000..00059}.tar
2024-11-04,11:07:00 | INFO |   train_data_upsampling_factors: None
2024-11-04,11:07:00 | INFO |   train_num_samples: 60000
2024-11-04,11:07:00 | INFO |   use_bn_sync: False
2024-11-04,11:07:00 | INFO |   use_bnb_linear: None
2024-11-04,11:07:00 | INFO |   val_data: None
2024-11-04,11:07:00 | INFO |   val_frequency: 1
2024-11-04,11:07:00 | INFO |   val_num_samples: None
2024-11-04,11:07:00 | INFO |   wandb: True
2024-11-04,11:07:00 | INFO |   wandb_notes: 
2024-11-04,11:07:00 | INFO |   wandb_project_name: open_clip_main
2024-11-04,11:07:00 | INFO |   warmup: 5000
2024-11-04,11:07:00 | INFO |   wd: 0.2
2024-11-04,11:07:00 | INFO |   workers: 8
2024-11-04,11:07:00 | INFO |   world_size: 1
2024-11-04,11:07:00 | INFO |   zeroshot_frequency: 1
2024-11-04,11:07:05 | INFO | Start epoch 0
2024-11-04,11:07:14 | INFO | Train Epoch: 0 [ 1024/65536 (2%)] Data (t): 6.913 Batch (t): 9.420, 108.708/s, 108.708/s/gpu LR: 0.000000 Logit Scale: 14.250 Contrastive_loss: 7.0000 (7.0000) Loss: 7.0000 (7.0000)
2024-11-04,11:07:56 | INFO | Train Epoch: 0 [65536/65536 (100%)] Data (t): 0.450 Batch (t): 0.658, 1475.68/s, 1475.68/s/gpu LR: 0.000026 Logit Scale: 14.250 Contrastive_loss: 6.8750 (6.9375) Loss: 6.8750 (6.9375)
2024-11-04,11:07:56 | INFO | Starting zero-shot imagenet.
2024-11-04,11:07:56 | INFO | Building zero-shot classifier
2024-11-04,11:08:06 | INFO | Using classifier
2024-11-04,11:08:55 | INFO | Finished zero-shot imagenet.
2024-11-04,11:08:55 | INFO | Eval Epoch: 1 imagenet-zeroshot-val-top1: 0.0018	imagenet-zeroshot-val-top5: 0.0064
2024-11-04,11:08:57 | INFO | Start epoch 1
2024-11-04,11:09:03 | INFO | Train Epoch: 1 [ 1024/65536 (2%)] Data (t): 5.781 Batch (t): 5.998, 170.730/s, 170.730/s/gpu LR: 0.000026 Logit Scale: 14.250 Contrastive_loss: 6.8750 (6.8750) Loss: 6.8750 (6.8750)
2024-11-04,11:09:45 | INFO | Train Epoch: 1 [65536/65536 (100%)] Data (t): 0.455 Batch (t): 0.665, 1659.57/s, 1659.57/s/gpu LR: 0.000051 Logit Scale: 14.250 Contrastive_loss: 6.6562 (6.7656) Loss: 6.6562 (6.7656)
2024-11-04,11:09:45 | INFO | Starting zero-shot imagenet.
2024-11-04,11:09:45 | INFO | Building zero-shot classifier
2024-11-04,11:09:55 | INFO | Using classifier
2024-11-04,11:10:41 | INFO | Finished zero-shot imagenet.
2024-11-04,11:10:41 | INFO | Eval Epoch: 2 imagenet-zeroshot-val-top1: 0.0023	imagenet-zeroshot-val-top5: 0.0088
2024-11-04,11:10:43 | INFO | Start epoch 2
2024-11-04,11:10:50 | INFO | Train Epoch: 2 [ 1024/65536 (2%)] Data (t): 6.245 Batch (t): 6.476, 158.113/s, 158.113/s/gpu LR: 0.000052 Logit Scale: 14.250 Contrastive_loss: 6.6250 (6.6250) Loss: 6.6250 (6.6250)
2024-11-04,11:11:31 | INFO | Train Epoch: 2 [65536/65536 (100%)] Data (t): 0.447 Batch (t): 0.658, 1682.98/s, 1682.98/s/gpu LR: 0.000077 Logit Scale: 14.250 Contrastive_loss: 6.3438 (6.4844) Loss: 6.3438 (6.4844)
2024-11-04,11:11:32 | INFO | Starting zero-shot imagenet.
2024-11-04,11:11:32 | INFO | Building zero-shot classifier
2024-11-04,11:11:41 | INFO | Using classifier
2024-11-04,11:12:28 | INFO | Finished zero-shot imagenet.
2024-11-04,11:12:28 | INFO | Eval Epoch: 3 imagenet-zeroshot-val-top1: 0.0028	imagenet-zeroshot-val-top5: 0.0102
2024-11-04,11:12:30 | INFO | Start epoch 3
2024-11-04,11:12:36 | INFO | Train Epoch: 3 [ 1024/65536 (2%)] Data (t): 5.526 Batch (t): 5.768, 177.533/s, 177.533/s/gpu LR: 0.000077 Logit Scale: 14.250 Contrastive_loss: 6.4375 (6.4375) Loss: 6.4375 (6.4375)
2024-11-04,11:13:18 | INFO | Train Epoch: 3 [65536/65536 (100%)] Data (t): 0.456 Batch (t): 0.666, 1653.90/s, 1653.90/s/gpu LR: 0.000102 Logit Scale: 14.250 Contrastive_loss: 6.2500 (6.3438) Loss: 6.2500 (6.3438)
2024-11-04,11:13:18 | INFO | Starting zero-shot imagenet.
2024-11-04,11:13:18 | INFO | Building zero-shot classifier
2024-11-04,11:13:27 | INFO | Using classifier
2024-11-04,11:14:13 | INFO | Finished zero-shot imagenet.
2024-11-04,11:14:13 | INFO | Eval Epoch: 4 imagenet-zeroshot-val-top1: 0.0037	imagenet-zeroshot-val-top5: 0.0129
2024-11-04,11:14:15 | INFO | Start epoch 4
2024-11-04,11:14:22 | INFO | Train Epoch: 4 [ 1024/65536 (2%)] Data (t): 6.535 Batch (t): 6.746, 151.784/s, 151.784/s/gpu LR: 0.000103 Logit Scale: 14.250 Contrastive_loss: 6.3125 (6.3125) Loss: 6.3125 (6.3125)
2024-11-04,11:15:03 | INFO | Train Epoch: 4 [65536/65536 (100%)] Data (t): 0.438 Batch (t): 0.647, 1667.42/s, 1667.42/s/gpu LR: 0.000128 Logit Scale: 14.250 Contrastive_loss: 6.0312 (6.1719) Loss: 6.0312 (6.1719)
2024-11-04,11:15:03 | INFO | Starting zero-shot imagenet.
2024-11-04,11:15:03 | INFO | Building zero-shot classifier
2024-11-04,11:15:13 | INFO | Using classifier
2024-11-04,11:16:00 | INFO | Finished zero-shot imagenet.
2024-11-04,11:16:00 | INFO | Eval Epoch: 5 imagenet-zeroshot-val-top1: 0.0039	imagenet-zeroshot-val-top5: 0.0161
2024-11-04,11:16:02 | INFO | Start epoch 5
2024-11-04,11:16:08 | INFO | Train Epoch: 5 [ 1024/65536 (2%)] Data (t): 5.251 Batch (t): 5.486, 186.655/s, 186.655/s/gpu LR: 0.000128 Logit Scale: 14.250 Contrastive_loss: 5.9375 (5.9375) Loss: 5.9375 (5.9375)
2024-11-04,11:16:50 | INFO | Train Epoch: 5 [65536/65536 (100%)] Data (t): 0.452 Batch (t): 0.662, 1652.11/s, 1652.11/s/gpu LR: 0.000154 Logit Scale: 14.250 Contrastive_loss: 5.8125 (5.8750) Loss: 5.8125 (5.8750)
2024-11-04,11:16:50 | INFO | Starting zero-shot imagenet.
2024-11-04,11:16:50 | INFO | Building zero-shot classifier
2024-11-04,11:16:59 | INFO | Using classifier
2024-11-04,11:17:47 | INFO | Finished zero-shot imagenet.
2024-11-04,11:17:47 | INFO | Eval Epoch: 6 imagenet-zeroshot-val-top1: 0.0049	imagenet-zeroshot-val-top5: 0.0187
2024-11-04,11:17:49 | INFO | Start epoch 6
2024-11-04,11:17:55 | INFO | Train Epoch: 6 [ 1024/65536 (2%)] Data (t): 5.498 Batch (t): 5.716, 179.138/s, 179.138/s/gpu LR: 0.000154 Logit Scale: 14.250 Contrastive_loss: 5.9375 (5.9375) Loss: 5.9375 (5.9375)
2024-11-04,11:18:37 | INFO | Train Epoch: 6 [65536/65536 (100%)] Data (t): 0.450 Batch (t): 0.665, 1606.63/s, 1606.63/s/gpu LR: 0.000179 Logit Scale: 14.250 Contrastive_loss: 5.7500 (5.8438) Loss: 5.7500 (5.8438)
2024-11-04,11:18:37 | INFO | Starting zero-shot imagenet.
2024-11-04,11:18:37 | INFO | Building zero-shot classifier
2024-11-04,11:18:47 | INFO | Using classifier
2024-11-04,11:19:36 | INFO | Finished zero-shot imagenet.
2024-11-04,11:19:36 | INFO | Eval Epoch: 7 imagenet-zeroshot-val-top1: 0.0057	imagenet-zeroshot-val-top5: 0.0226
2024-11-04,11:19:38 | INFO | Start epoch 7
2024-11-04,11:19:44 | INFO | Train Epoch: 7 [ 1024/65536 (2%)] Data (t): 6.322 Batch (t): 6.550, 156.329/s, 156.329/s/gpu LR: 0.000180 Logit Scale: 14.250 Contrastive_loss: 5.7500 (5.7500) Loss: 5.7500 (5.7500)
2024-11-04,11:20:26 | INFO | Train Epoch: 7 [65536/65536 (100%)] Data (t): 0.445 Batch (t): 0.656, 1617.46/s, 1617.46/s/gpu LR: 0.000205 Logit Scale: 14.250 Contrastive_loss: 5.6875 (5.7188) Loss: 5.6875 (5.7188)
2024-11-04,11:20:26 | INFO | Starting zero-shot imagenet.
2024-11-04,11:20:26 | INFO | Building zero-shot classifier
2024-11-04,11:20:35 | INFO | Using classifier
2024-11-04,11:21:21 | INFO | Finished zero-shot imagenet.
2024-11-04,11:21:21 | INFO | Eval Epoch: 8 imagenet-zeroshot-val-top1: 0.0068	imagenet-zeroshot-val-top5: 0.0235
2024-11-04,11:21:23 | INFO | Start epoch 8
2024-11-04,11:21:29 | INFO | Train Epoch: 8 [ 1024/65536 (2%)] Data (t): 5.751 Batch (t): 5.990, 170.964/s, 170.964/s/gpu LR: 0.000205 Logit Scale: 14.250 Contrastive_loss: 5.6562 (5.6562) Loss: 5.6562 (5.6562)
2024-11-04,11:22:11 | INFO | Train Epoch: 8 [65536/65536 (100%)] Data (t): 0.451 Batch (t): 0.663, 1649.28/s, 1649.28/s/gpu LR: 0.000230 Logit Scale: 14.250 Contrastive_loss: 5.5000 (5.5781) Loss: 5.5000 (5.5781)
2024-11-04,11:22:11 | INFO | Starting zero-shot imagenet.
2024-11-04,11:22:11 | INFO | Building zero-shot classifier
2024-11-04,11:22:20 | INFO | Using classifier
2024-11-04,11:23:07 | INFO | Finished zero-shot imagenet.
2024-11-04,11:23:07 | INFO | Eval Epoch: 9 imagenet-zeroshot-val-top1: 0.0078	imagenet-zeroshot-val-top5: 0.0265
2024-11-04,11:23:09 | INFO | Start epoch 9
2024-11-04,11:23:14 | INFO | Train Epoch: 9 [ 1024/65536 (2%)] Data (t): 5.219 Batch (t): 5.445, 188.060/s, 188.060/s/gpu LR: 0.000231 Logit Scale: 14.250 Contrastive_loss: 5.3750 (5.3750) Loss: 5.3750 (5.3750)
2024-11-04,11:23:57 | INFO | Train Epoch: 9 [65536/65536 (100%)] Data (t): 0.458 Batch (t): 0.670, 1634.51/s, 1634.51/s/gpu LR: 0.000256 Logit Scale: 14.250 Contrastive_loss: 5.5000 (5.4375) Loss: 5.5000 (5.4375)
2024-11-04,11:23:57 | INFO | Starting zero-shot imagenet.
2024-11-04,11:23:57 | INFO | Building zero-shot classifier
2024-11-04,11:24:06 | INFO | Using classifier
2024-11-04,11:24:54 | INFO | Finished zero-shot imagenet.
2024-11-04,11:24:54 | INFO | Eval Epoch: 10 imagenet-zeroshot-val-top1: 0.0077	imagenet-zeroshot-val-top5: 0.0275
2024-11-04,11:24:56 | INFO | Start epoch 10
2024-11-04,11:25:03 | INFO | Train Epoch: 10 [ 1024/65536 (2%)] Data (t): 6.237 Batch (t): 6.464, 158.410/s, 158.410/s/gpu LR: 0.000256 Logit Scale: 14.250 Contrastive_loss: 5.7500 (5.7500) Loss: 5.7500 (5.7500)
2024-11-04,11:25:44 | INFO | Train Epoch: 10 [65536/65536 (100%)] Data (t): 0.445 Batch (t): 0.655, 1633.24/s, 1633.24/s/gpu LR: 0.000282 Logit Scale: 14.250 Contrastive_loss: 5.4375 (5.5938) Loss: 5.4375 (5.5938)
2024-11-04,11:25:44 | INFO | Starting zero-shot imagenet.
2024-11-04,11:25:44 | INFO | Building zero-shot classifier
2024-11-04,11:25:54 | INFO | Using classifier
2024-11-04,11:26:42 | INFO | Finished zero-shot imagenet.
2024-11-04,11:26:42 | INFO | Eval Epoch: 11 imagenet-zeroshot-val-top1: 0.0074	imagenet-zeroshot-val-top5: 0.0279
2024-11-04,11:26:44 | INFO | Start epoch 11
2024-11-04,11:26:50 | INFO | Train Epoch: 11 [ 1024/65536 (2%)] Data (t): 5.627 Batch (t): 5.870, 174.454/s, 174.454/s/gpu LR: 0.000282 Logit Scale: 14.250 Contrastive_loss: 5.6875 (5.6875) Loss: 5.6875 (5.6875)
2024-11-04,11:27:32 | INFO | Train Epoch: 11 [65536/65536 (100%)] Data (t): 0.455 Batch (t): 0.666, 1634.90/s, 1634.90/s/gpu LR: 0.000307 Logit Scale: 14.250 Contrastive_loss: 5.3125 (5.5000) Loss: 5.3125 (5.5000)
2024-11-04,11:27:32 | INFO | Starting zero-shot imagenet.
2024-11-04,11:27:32 | INFO | Building zero-shot classifier
2024-11-04,11:27:41 | INFO | Using classifier
2024-11-04,11:28:28 | INFO | Finished zero-shot imagenet.
2024-11-04,11:28:28 | INFO | Eval Epoch: 12 imagenet-zeroshot-val-top1: 0.0074	imagenet-zeroshot-val-top5: 0.0267
2024-11-04,11:28:30 | INFO | Start epoch 12
2024-11-04,11:28:36 | INFO | Train Epoch: 12 [ 1024/65536 (2%)] Data (t): 5.372 Batch (t): 5.586, 183.321/s, 183.321/s/gpu LR: 0.000308 Logit Scale: 14.250 Contrastive_loss: 5.2500 (5.2500) Loss: 5.2500 (5.2500)
2024-11-04,11:29:18 | INFO | Train Epoch: 12 [65536/65536 (100%)] Data (t): 0.466 Batch (t): 0.677, 1652.35/s, 1652.35/s/gpu LR: 0.000333 Logit Scale: 14.250 Contrastive_loss: 5.2500 (5.2500) Loss: 5.2500 (5.2500)
2024-11-04,11:29:18 | INFO | Starting zero-shot imagenet.
2024-11-04,11:29:18 | INFO | Building zero-shot classifier
2024-11-04,11:29:28 | INFO | Using classifier
2024-11-04,11:30:13 | INFO | Finished zero-shot imagenet.
2024-11-04,11:30:13 | INFO | Eval Epoch: 13 imagenet-zeroshot-val-top1: 0.0092	imagenet-zeroshot-val-top5: 0.0323
2024-11-04,11:30:15 | INFO | Start epoch 13
2024-11-04,11:30:21 | INFO | Train Epoch: 13 [ 1024/65536 (2%)] Data (t): 5.182 Batch (t): 5.446, 188.031/s, 188.031/s/gpu LR: 0.000333 Logit Scale: 14.250 Contrastive_loss: 5.0625 (5.0625) Loss: 5.0625 (5.0625)
2024-11-04,11:31:03 | INFO | Train Epoch: 13 [65536/65536 (100%)] Data (t): 0.462 Batch (t): 0.672, 1488.14/s, 1488.14/s/gpu LR: 0.000358 Logit Scale: 14.250 Contrastive_loss: 5.0938 (5.0781) Loss: 5.0938 (5.0781)
2024-11-04,11:31:03 | INFO | Starting zero-shot imagenet.
2024-11-04,11:31:03 | INFO | Building zero-shot classifier
2024-11-04,11:31:12 | INFO | Using classifier
2024-11-04,11:32:00 | INFO | Finished zero-shot imagenet.
2024-11-04,11:32:00 | INFO | Eval Epoch: 14 imagenet-zeroshot-val-top1: 0.0097	imagenet-zeroshot-val-top5: 0.0330
2024-11-04,11:32:03 | INFO | Start epoch 14
2024-11-04,11:32:09 | INFO | Train Epoch: 14 [ 1024/65536 (2%)] Data (t): 5.583 Batch (t): 5.841, 175.318/s, 175.318/s/gpu LR: 0.000359 Logit Scale: 14.250 Contrastive_loss: 5.4375 (5.4375) Loss: 5.4375 (5.4375)
2024-11-04,11:32:49 | INFO | Train Epoch: 14 [65536/65536 (100%)] Data (t): 0.438 Batch (t): 0.646, 1682.53/s, 1682.53/s/gpu LR: 0.000384 Logit Scale: 14.250 Contrastive_loss: 5.0625 (5.2500) Loss: 5.0625 (5.2500)
2024-11-04,11:32:50 | INFO | Starting zero-shot imagenet.
2024-11-04,11:32:50 | INFO | Building zero-shot classifier
2024-11-04,11:32:59 | INFO | Using classifier
2024-11-04,11:33:44 | INFO | Finished zero-shot imagenet.
2024-11-04,11:33:44 | INFO | Eval Epoch: 15 imagenet-zeroshot-val-top1: 0.0099	imagenet-zeroshot-val-top5: 0.0360
2024-11-04,11:33:46 | INFO | Start epoch 15
2024-11-04,11:33:52 | INFO | Train Epoch: 15 [ 1024/65536 (2%)] Data (t): 6.078 Batch (t): 6.310, 162.295/s, 162.295/s/gpu LR: 0.000384 Logit Scale: 14.250 Contrastive_loss: 5.1875 (5.1875) Loss: 5.1875 (5.1875)
2024-11-04,11:34:33 | INFO | Train Epoch: 15 [65536/65536 (100%)] Data (t): 0.441 Batch (t): 0.650, 1646.55/s, 1646.55/s/gpu LR: 0.000410 Logit Scale: 14.250 Contrastive_loss: 5.0625 (5.1250) Loss: 5.0625 (5.1250)
2024-11-04,11:34:34 | INFO | Starting zero-shot imagenet.
2024-11-04,11:34:34 | INFO | Building zero-shot classifier
2024-11-04,11:34:43 | INFO | Using classifier
2024-11-04,11:35:27 | INFO | Finished zero-shot imagenet.
2024-11-04,11:35:27 | INFO | Eval Epoch: 16 imagenet-zeroshot-val-top1: 0.0095	imagenet-zeroshot-val-top5: 0.0348
2024-11-04,11:35:29 | INFO | Start epoch 16
2024-11-04,11:35:36 | INFO | Train Epoch: 16 [ 1024/65536 (2%)] Data (t): 5.762 Batch (t): 6.003, 170.589/s, 170.589/s/gpu LR: 0.000410 Logit Scale: 14.250 Contrastive_loss: 5.2500 (5.2500) Loss: 5.2500 (5.2500)
2024-11-04,11:36:17 | INFO | Train Epoch: 16 [65536/65536 (100%)] Data (t): 0.444 Batch (t): 0.652, 1646.14/s, 1646.14/s/gpu LR: 0.000435 Logit Scale: 14.250 Contrastive_loss: 4.9688 (5.1094) Loss: 4.9688 (5.1094)
2024-11-04,11:36:17 | INFO | Starting zero-shot imagenet.
2024-11-04,11:36:17 | INFO | Building zero-shot classifier
2024-11-04,11:36:26 | INFO | Using classifier
2024-11-04,11:37:13 | INFO | Finished zero-shot imagenet.
2024-11-04,11:37:13 | INFO | Eval Epoch: 17 imagenet-zeroshot-val-top1: 0.0109	imagenet-zeroshot-val-top5: 0.0372
2024-11-04,11:37:15 | INFO | Start epoch 17
2024-11-04,11:37:21 | INFO | Train Epoch: 17 [ 1024/65536 (2%)] Data (t): 5.477 Batch (t): 5.743, 178.319/s, 178.319/s/gpu LR: 0.000436 Logit Scale: 14.250 Contrastive_loss: 4.6875 (4.6875) Loss: 4.6875 (4.6875)
2024-11-04,11:38:02 | INFO | Train Epoch: 17 [65536/65536 (100%)] Data (t): 0.451 Batch (t): 0.660, 1653.16/s, 1653.16/s/gpu LR: 0.000461 Logit Scale: 14.250 Contrastive_loss: 4.8438 (4.7656) Loss: 4.8438 (4.7656)
2024-11-04,11:38:02 | INFO | Starting zero-shot imagenet.
2024-11-04,11:38:02 | INFO | Building zero-shot classifier
2024-11-04,11:38:12 | INFO | Using classifier
2024-11-04,11:38:57 | INFO | Finished zero-shot imagenet.
2024-11-04,11:38:57 | INFO | Eval Epoch: 18 imagenet-zeroshot-val-top1: 0.0096	imagenet-zeroshot-val-top5: 0.0344
2024-11-04,11:38:59 | INFO | Start epoch 18
2024-11-04,11:39:06 | INFO | Train Epoch: 18 [ 1024/65536 (2%)] Data (t): 5.695 Batch (t): 5.911, 173.225/s, 173.225/s/gpu LR: 0.000461 Logit Scale: 14.250 Contrastive_loss: 4.9688 (4.9688) Loss: 4.9688 (4.9688)
2024-11-04,11:39:47 | INFO | Train Epoch: 18 [65536/65536 (100%)] Data (t): 0.444 Batch (t): 0.654, 1661.23/s, 1661.23/s/gpu LR: 0.000486 Logit Scale: 14.250 Contrastive_loss: 4.4375 (4.7031) Loss: 4.4375 (4.7031)
2024-11-04,11:39:47 | INFO | Starting zero-shot imagenet.
2024-11-04,11:39:47 | INFO | Building zero-shot classifier
2024-11-04,11:39:56 | INFO | Using classifier
2024-11-04,11:40:41 | INFO | Finished zero-shot imagenet.
2024-11-04,11:40:41 | INFO | Eval Epoch: 19 imagenet-zeroshot-val-top1: 0.0116	imagenet-zeroshot-val-top5: 0.0410
2024-11-04,11:40:43 | INFO | Start epoch 19
2024-11-04,11:40:49 | INFO | Train Epoch: 19 [ 1024/65536 (2%)] Data (t): 5.851 Batch (t): 6.078, 168.484/s, 168.484/s/gpu LR: 0.000487 Logit Scale: 14.250 Contrastive_loss: 5.1562 (5.1562) Loss: 5.1562 (5.1562)
2024-11-04,11:41:30 | INFO | Train Epoch: 19 [65536/65536 (100%)] Data (t): 0.437 Batch (t): 0.649, 1651.25/s, 1651.25/s/gpu LR: 0.000512 Logit Scale: 14.250 Contrastive_loss: 4.5625 (4.8594) Loss: 4.5625 (4.8594)
2024-11-04,11:41:31 | INFO | Starting zero-shot imagenet.
2024-11-04,11:41:31 | INFO | Building zero-shot classifier
2024-11-04,11:41:40 | INFO | Using classifier
2024-11-04,11:42:25 | INFO | Finished zero-shot imagenet.
2024-11-04,11:42:25 | INFO | Eval Epoch: 20 imagenet-zeroshot-val-top1: 0.0132	imagenet-zeroshot-val-top5: 0.0415
2024-11-04,11:42:27 | INFO | Start epoch 20
2024-11-04,11:42:33 | INFO | Train Epoch: 20 [ 1024/65536 (2%)] Data (t): 5.637 Batch (t): 5.860, 174.757/s, 174.757/s/gpu LR: 0.000512 Logit Scale: 14.250 Contrastive_loss: 4.6250 (4.6250) Loss: 4.6250 (4.6250)
2024-11-04,11:43:15 | INFO | Train Epoch: 20 [65536/65536 (100%)] Data (t): 0.449 Batch (t): 0.657, 1673.92/s, 1673.92/s/gpu LR: 0.000538 Logit Scale: 14.250 Contrastive_loss: 4.5000 (4.5625) Loss: 4.5000 (4.5625)
2024-11-04,11:43:15 | INFO | Starting zero-shot imagenet.
2024-11-04,11:43:15 | INFO | Building zero-shot classifier
2024-11-04,11:43:25 | INFO | Using classifier
2024-11-04,11:44:10 | INFO | Finished zero-shot imagenet.
2024-11-04,11:44:10 | INFO | Eval Epoch: 21 imagenet-zeroshot-val-top1: 0.0134	imagenet-zeroshot-val-top5: 0.0428
2024-11-04,11:44:12 | INFO | Start epoch 21
2024-11-04,11:44:18 | INFO | Train Epoch: 21 [ 1024/65536 (2%)] Data (t): 5.740 Batch (t): 5.973, 171.433/s, 171.433/s/gpu LR: 0.000538 Logit Scale: 14.250 Contrastive_loss: 4.9375 (4.9375) Loss: 4.9375 (4.9375)
2024-11-04,11:44:59 | INFO | Train Epoch: 21 [65536/65536 (100%)] Data (t): 0.439 Batch (t): 0.648, 1582.90/s, 1582.90/s/gpu LR: 0.000563 Logit Scale: 14.250 Contrastive_loss: 4.4688 (4.7031) Loss: 4.4688 (4.7031)
2024-11-04,11:44:59 | INFO | Starting zero-shot imagenet.
2024-11-04,11:44:59 | INFO | Building zero-shot classifier
2024-11-04,11:45:08 | INFO | Using classifier
2024-11-04,11:45:56 | INFO | Finished zero-shot imagenet.
2024-11-04,11:45:56 | INFO | Eval Epoch: 22 imagenet-zeroshot-val-top1: 0.0126	imagenet-zeroshot-val-top5: 0.0436
2024-11-04,11:45:58 | INFO | Start epoch 22
2024-11-04,11:46:04 | INFO | Train Epoch: 22 [ 1024/65536 (2%)] Data (t): 5.614 Batch (t): 5.834, 175.511/s, 175.511/s/gpu LR: 0.000564 Logit Scale: 14.250 Contrastive_loss: 4.8750 (4.8750) Loss: 4.8750 (4.8750)
2024-11-04,11:46:46 | INFO | Train Epoch: 22 [65536/65536 (100%)] Data (t): 0.446 Batch (t): 0.657, 1673.34/s, 1673.34/s/gpu LR: 0.000589 Logit Scale: 14.250 Contrastive_loss: 4.6875 (4.7812) Loss: 4.6875 (4.7812)
2024-11-04,11:46:46 | INFO | Starting zero-shot imagenet.
2024-11-04,11:46:46 | INFO | Building zero-shot classifier
2024-11-04,11:46:55 | INFO | Using classifier
2024-11-04,11:47:41 | INFO | Finished zero-shot imagenet.
2024-11-04,11:47:41 | INFO | Eval Epoch: 23 imagenet-zeroshot-val-top1: 0.0133	imagenet-zeroshot-val-top5: 0.0408
2024-11-04,11:47:43 | INFO | Start epoch 23
2024-11-04,11:47:49 | INFO | Train Epoch: 23 [ 1024/65536 (2%)] Data (t): 6.090 Batch (t): 6.312, 162.231/s, 162.231/s/gpu LR: 0.000589 Logit Scale: 14.250 Contrastive_loss: 5.0625 (5.0625) Loss: 5.0625 (5.0625)
2024-11-04,11:48:30 | INFO | Train Epoch: 23 [65536/65536 (100%)] Data (t): 0.434 Batch (t): 0.642, 1606.28/s, 1606.28/s/gpu LR: 0.000614 Logit Scale: 14.250 Contrastive_loss: 4.2500 (4.6562) Loss: 4.2500 (4.6562)
2024-11-04,11:48:30 | INFO | Starting zero-shot imagenet.
2024-11-04,11:48:30 | INFO | Building zero-shot classifier
2024-11-04,11:48:39 | INFO | Using classifier
2024-11-04,11:49:23 | INFO | Finished zero-shot imagenet.
2024-11-04,11:49:23 | INFO | Eval Epoch: 24 imagenet-zeroshot-val-top1: 0.0131	imagenet-zeroshot-val-top5: 0.0433
2024-11-04,11:49:25 | INFO | Start epoch 24
2024-11-04,11:49:31 | INFO | Train Epoch: 24 [ 1024/65536 (2%)] Data (t): 5.478 Batch (t): 5.705, 179.483/s, 179.483/s/gpu LR: 0.000615 Logit Scale: 14.250 Contrastive_loss: 3.8125 (3.8125) Loss: 3.8125 (3.8125)
2024-11-04,11:50:13 | INFO | Train Epoch: 24 [65536/65536 (100%)] Data (t): 0.445 Batch (t): 0.656, 1663.87/s, 1663.87/s/gpu LR: 0.000640 Logit Scale: 14.250 Contrastive_loss: 4.4062 (4.1094) Loss: 4.4062 (4.1094)
2024-11-04,11:50:13 | INFO | Starting zero-shot imagenet.
2024-11-04,11:50:13 | INFO | Building zero-shot classifier
2024-11-04,11:50:22 | INFO | Using classifier
2024-11-04,11:51:09 | INFO | Finished zero-shot imagenet.
2024-11-04,11:51:09 | INFO | Eval Epoch: 25 imagenet-zeroshot-val-top1: 0.0137	imagenet-zeroshot-val-top5: 0.0437
2024-11-04,11:51:11 | INFO | Start epoch 25
2024-11-04,11:51:17 | INFO | Train Epoch: 25 [ 1024/65536 (2%)] Data (t): 5.541 Batch (t): 5.793, 176.753/s, 176.753/s/gpu LR: 0.000640 Logit Scale: 14.250 Contrastive_loss: 4.7500 (4.7500) Loss: 4.7500 (4.7500)
2024-11-04,11:51:58 | INFO | Train Epoch: 25 [65536/65536 (100%)] Data (t): 0.450 Batch (t): 0.659, 1653.57/s, 1653.57/s/gpu LR: 0.000666 Logit Scale: 14.250 Contrastive_loss: 3.9688 (4.3594) Loss: 3.9688 (4.3594)
2024-11-04,11:51:59 | INFO | Starting zero-shot imagenet.
2024-11-04,11:51:59 | INFO | Building zero-shot classifier
2024-11-04,11:52:08 | INFO | Using classifier
2024-11-04,11:52:53 | INFO | Finished zero-shot imagenet.
2024-11-04,11:52:53 | INFO | Eval Epoch: 26 imagenet-zeroshot-val-top1: 0.0143	imagenet-zeroshot-val-top5: 0.0472
2024-11-04,11:52:55 | INFO | Start epoch 26
2024-11-04,11:53:01 | INFO | Train Epoch: 26 [ 1024/65536 (2%)] Data (t): 5.492 Batch (t): 5.710, 179.330/s, 179.330/s/gpu LR: 0.000666 Logit Scale: 14.250 Contrastive_loss: 4.0625 (4.0625) Loss: 4.0625 (4.0625)
2024-11-04,11:53:42 | INFO | Train Epoch: 26 [65536/65536 (100%)] Data (t): 0.436 Batch (t): 0.646, 1672.59/s, 1672.59/s/gpu LR: 0.000691 Logit Scale: 14.250 Contrastive_loss: 4.2500 (4.1562) Loss: 4.2500 (4.1562)
2024-11-04,11:53:42 | INFO | Starting zero-shot imagenet.
2024-11-04,11:53:42 | INFO | Building zero-shot classifier
2024-11-04,11:53:51 | INFO | Using classifier
2024-11-04,11:54:35 | INFO | Finished zero-shot imagenet.
2024-11-04,11:54:35 | INFO | Eval Epoch: 27 imagenet-zeroshot-val-top1: 0.0151	imagenet-zeroshot-val-top5: 0.0482
2024-11-04,11:54:36 | INFO | Start epoch 27
2024-11-04,11:54:42 | INFO | Train Epoch: 27 [ 1024/65536 (2%)] Data (t): 5.546 Batch (t): 5.786, 176.965/s, 176.965/s/gpu LR: 0.000692 Logit Scale: 14.250 Contrastive_loss: 4.3125 (4.3125) Loss: 4.3125 (4.3125)
2024-11-04,11:55:24 | INFO | Train Epoch: 27 [65536/65536 (100%)] Data (t): 0.450 Batch (t): 0.660, 1677.35/s, 1677.35/s/gpu LR: 0.000717 Logit Scale: 14.250 Contrastive_loss: 4.2812 (4.2969) Loss: 4.2812 (4.2969)
2024-11-04,11:55:24 | INFO | Starting zero-shot imagenet.
2024-11-04,11:55:24 | INFO | Building zero-shot classifier
2024-11-04,11:55:34 | INFO | Using classifier
2024-11-04,11:56:19 | INFO | Finished zero-shot imagenet.
2024-11-04,11:56:19 | INFO | Eval Epoch: 28 imagenet-zeroshot-val-top1: 0.0148	imagenet-zeroshot-val-top5: 0.0468
2024-11-04,11:56:21 | INFO | Start epoch 28
2024-11-04,11:56:27 | INFO | Train Epoch: 28 [ 1024/65536 (2%)] Data (t): 6.071 Batch (t): 6.294, 162.683/s, 162.683/s/gpu LR: 0.000717 Logit Scale: 14.250 Contrastive_loss: 3.9375 (3.9375) Loss: 3.9375 (3.9375)
2024-11-04,11:57:09 | INFO | Train Epoch: 28 [65536/65536 (100%)] Data (t): 0.447 Batch (t): 0.659, 1500.94/s, 1500.94/s/gpu LR: 0.000742 Logit Scale: 14.250 Contrastive_loss: 4.1250 (4.0312) Loss: 4.1250 (4.0312)
2024-11-04,11:57:09 | INFO | Starting zero-shot imagenet.
2024-11-04,11:57:09 | INFO | Building zero-shot classifier
2024-11-04,11:57:18 | INFO | Using classifier
2024-11-04,11:58:05 | INFO | Finished zero-shot imagenet.
2024-11-04,11:58:05 | INFO | Eval Epoch: 29 imagenet-zeroshot-val-top1: 0.0146	imagenet-zeroshot-val-top5: 0.0477
2024-11-04,11:58:07 | INFO | Start epoch 29
2024-11-04,11:58:13 | INFO | Train Epoch: 29 [ 1024/65536 (2%)] Data (t): 5.562 Batch (t): 5.809, 176.275/s, 176.275/s/gpu LR: 0.000743 Logit Scale: 14.250 Contrastive_loss: 4.6250 (4.6250) Loss: 4.6250 (4.6250)
2024-11-04,11:58:55 | INFO | Train Epoch: 29 [65536/65536 (100%)] Data (t): 0.459 Batch (t): 0.669, 1458.19/s, 1458.19/s/gpu LR: 0.000768 Logit Scale: 14.250 Contrastive_loss: 3.9375 (4.2812) Loss: 3.9375 (4.2812)
2024-11-04,11:58:55 | INFO | Starting zero-shot imagenet.
2024-11-04,11:58:55 | INFO | Building zero-shot classifier
2024-11-04,11:59:05 | INFO | Using classifier
2024-11-04,11:59:53 | INFO | Finished zero-shot imagenet.
2024-11-04,11:59:53 | INFO | Eval Epoch: 30 imagenet-zeroshot-val-top1: 0.0146	imagenet-zeroshot-val-top5: 0.0497
2024-11-04,11:59:54 | INFO | Start epoch 30
2024-11-04,12:00:01 | INFO | Train Epoch: 30 [ 1024/65536 (2%)] Data (t): 5.772 Batch (t): 6.033, 169.733/s, 169.733/s/gpu LR: 0.000768 Logit Scale: 14.250 Contrastive_loss: 4.5625 (4.5625) Loss: 4.5625 (4.5625)
2024-11-04,12:00:41 | INFO | Train Epoch: 30 [65536/65536 (100%)] Data (t): 0.438 Batch (t): 0.646, 1656.63/s, 1656.63/s/gpu LR: 0.000794 Logit Scale: 14.250 Contrastive_loss: 4.1875 (4.3750) Loss: 4.1875 (4.3750)
2024-11-04,12:00:42 | INFO | Starting zero-shot imagenet.
2024-11-04,12:00:42 | INFO | Building zero-shot classifier
2024-11-04,12:00:51 | INFO | Using classifier
2024-11-04,12:01:36 | INFO | Finished zero-shot imagenet.
2024-11-04,12:01:36 | INFO | Eval Epoch: 31 imagenet-zeroshot-val-top1: 0.0161	imagenet-zeroshot-val-top5: 0.0497
2024-11-04,12:01:38 | INFO | Start epoch 31
2024-11-04,12:01:44 | INFO | Train Epoch: 31 [ 1024/65536 (2%)] Data (t): 5.541 Batch (t): 5.778, 177.224/s, 177.224/s/gpu LR: 0.000794 Logit Scale: 14.250 Contrastive_loss: 4.5938 (4.5938) Loss: 4.5938 (4.5938)
2024-11-04,12:02:26 | INFO | Train Epoch: 31 [65536/65536 (100%)] Data (t): 0.447 Batch (t): 0.657, 1629.79/s, 1629.79/s/gpu LR: 0.000819 Logit Scale: 14.250 Contrastive_loss: 3.7656 (4.1797) Loss: 3.7656 (4.1797)
2024-11-04,12:02:26 | INFO | Starting zero-shot imagenet.
2024-11-04,12:02:26 | INFO | Building zero-shot classifier
2024-11-04,12:02:36 | INFO | Using classifier
2024-11-04,12:03:21 | INFO | Finished zero-shot imagenet.
2024-11-04,12:03:21 | INFO | Eval Epoch: 32 imagenet-zeroshot-val-top1: 0.0169	imagenet-zeroshot-val-top5: 0.0533
2024-11-04,12:03:23 | INFO | Start epoch 32
2024-11-04,12:03:30 | INFO | Train Epoch: 32 [ 1024/65536 (2%)] Data (t): 6.416 Batch (t): 6.632, 154.396/s, 154.396/s/gpu LR: 0.000820 Logit Scale: 14.250 Contrastive_loss: 4.3750 (4.3750) Loss: 4.3750 (4.3750)
2024-11-04,12:04:11 | INFO | Train Epoch: 32 [65536/65536 (100%)] Data (t): 0.431 Batch (t): 0.638, 1670.47/s, 1670.47/s/gpu LR: 0.000845 Logit Scale: 14.250 Contrastive_loss: 3.9062 (4.1406) Loss: 3.9062 (4.1406)
2024-11-04,12:04:11 | INFO | Starting zero-shot imagenet.
2024-11-04,12:04:11 | INFO | Building zero-shot classifier
2024-11-04,12:04:20 | INFO | Using classifier
2024-11-04,12:05:06 | INFO | Finished zero-shot imagenet.
2024-11-04,12:05:06 | INFO | Eval Epoch: 33 imagenet-zeroshot-val-top1: 0.0161	imagenet-zeroshot-val-top5: 0.0524
2024-11-04,12:05:08 | INFO | Start epoch 33
2024-11-04,12:05:14 | INFO | Train Epoch: 33 [ 1024/65536 (2%)] Data (t): 5.593 Batch (t): 5.800, 176.543/s, 176.543/s/gpu LR: 0.000845 Logit Scale: 14.250 Contrastive_loss: 4.4375 (4.4375) Loss: 4.4375 (4.4375)
2024-11-04,12:05:55 | INFO | Train Epoch: 33 [65536/65536 (100%)] Data (t): 0.447 Batch (t): 0.654, 1657.44/s, 1657.44/s/gpu LR: 0.000870 Logit Scale: 14.250 Contrastive_loss: 3.7812 (4.1094) Loss: 3.7812 (4.1094)
2024-11-04,12:05:55 | INFO | Starting zero-shot imagenet.
2024-11-04,12:05:55 | INFO | Building zero-shot classifier
2024-11-04,12:06:04 | INFO | Using classifier
2024-11-04,12:06:54 | INFO | Finished zero-shot imagenet.
2024-11-04,12:06:54 | INFO | Eval Epoch: 34 imagenet-zeroshot-val-top1: 0.0189	imagenet-zeroshot-val-top5: 0.0537
2024-11-04,12:06:56 | INFO | Start epoch 34
2024-11-04,12:07:03 | INFO | Train Epoch: 34 [ 1024/65536 (2%)] Data (t): 6.230 Batch (t): 6.454, 158.668/s, 158.668/s/gpu LR: 0.000871 Logit Scale: 14.250 Contrastive_loss: 4.1875 (4.1875) Loss: 4.1875 (4.1875)
2024-11-04,12:07:44 | INFO | Train Epoch: 34 [65536/65536 (100%)] Data (t): 0.446 Batch (t): 0.654, 1460.57/s, 1460.57/s/gpu LR: 0.000896 Logit Scale: 14.250 Contrastive_loss: 3.5938 (3.8906) Loss: 3.5938 (3.8906)
2024-11-04,12:07:44 | INFO | Starting zero-shot imagenet.
2024-11-04,12:07:44 | INFO | Building zero-shot classifier
2024-11-04,12:07:53 | INFO | Using classifier
2024-11-04,12:08:38 | INFO | Finished zero-shot imagenet.
2024-11-04,12:08:38 | INFO | Eval Epoch: 35 imagenet-zeroshot-val-top1: 0.0193	imagenet-zeroshot-val-top5: 0.0555
2024-11-04,12:08:40 | INFO | Start epoch 35
2024-11-04,12:08:46 | INFO | Train Epoch: 35 [ 1024/65536 (2%)] Data (t): 5.487 Batch (t): 5.703, 179.541/s, 179.541/s/gpu LR: 0.000896 Logit Scale: 14.250 Contrastive_loss: 4.3125 (4.3125) Loss: 4.3125 (4.3125)
2024-11-04,12:09:28 | INFO | Train Epoch: 35 [65536/65536 (100%)] Data (t): 0.460 Batch (t): 0.668, 1620.17/s, 1620.17/s/gpu LR: 0.000922 Logit Scale: 14.250 Contrastive_loss: 3.8438 (4.0781) Loss: 3.8438 (4.0781)
2024-11-04,12:09:28 | INFO | Starting zero-shot imagenet.
2024-11-04,12:09:28 | INFO | Building zero-shot classifier
2024-11-04,12:09:38 | INFO | Using classifier
2024-11-04,12:10:25 | INFO | Finished zero-shot imagenet.
2024-11-04,12:10:25 | INFO | Eval Epoch: 36 imagenet-zeroshot-val-top1: 0.0180	imagenet-zeroshot-val-top5: 0.0552
2024-11-04,12:10:27 | INFO | Start epoch 36
2024-11-04,12:10:33 | INFO | Train Epoch: 36 [ 1024/65536 (2%)] Data (t): 5.417 Batch (t): 5.640, 181.548/s, 181.548/s/gpu LR: 0.000922 Logit Scale: 14.250 Contrastive_loss: 3.5469 (3.5469) Loss: 3.5469 (3.5469)
2024-11-04,12:11:16 | INFO | Train Epoch: 36 [65536/65536 (100%)] Data (t): 0.463 Batch (t): 0.675, 1562.41/s, 1562.41/s/gpu LR: 0.000947 Logit Scale: 14.250 Contrastive_loss: 3.7812 (3.6641) Loss: 3.7812 (3.6641)
2024-11-04,12:11:16 | INFO | Starting zero-shot imagenet.
2024-11-04,12:11:16 | INFO | Building zero-shot classifier
2024-11-04,12:11:25 | INFO | Using classifier
2024-11-04,12:12:10 | INFO | Finished zero-shot imagenet.
2024-11-04,12:12:10 | INFO | Eval Epoch: 37 imagenet-zeroshot-val-top1: 0.0201	imagenet-zeroshot-val-top5: 0.0590
2024-11-04,12:12:12 | INFO | Start epoch 37
2024-11-04,12:12:19 | INFO | Train Epoch: 37 [ 1024/65536 (2%)] Data (t): 6.438 Batch (t): 6.649, 154.012/s, 154.012/s/gpu LR: 0.000948 Logit Scale: 14.250 Contrastive_loss: 3.8438 (3.8438) Loss: 3.8438 (3.8438)
2024-11-04,12:13:00 | INFO | Train Epoch: 37 [65536/65536 (100%)] Data (t): 0.437 Batch (t): 0.646, 1645.20/s, 1645.20/s/gpu LR: 0.000973 Logit Scale: 14.250 Contrastive_loss: 3.4531 (3.6484) Loss: 3.4531 (3.6484)
2024-11-04,12:13:00 | INFO | Starting zero-shot imagenet.
2024-11-04,12:13:00 | INFO | Building zero-shot classifier
2024-11-04,12:13:09 | INFO | Using classifier
2024-11-04,12:13:55 | INFO | Finished zero-shot imagenet.
2024-11-04,12:13:55 | INFO | Eval Epoch: 38 imagenet-zeroshot-val-top1: 0.0189	imagenet-zeroshot-val-top5: 0.0562
2024-11-04,12:13:57 | INFO | Start epoch 38
2024-11-04,12:14:03 | INFO | Train Epoch: 38 [ 1024/65536 (2%)] Data (t): 5.781 Batch (t): 6.013, 170.297/s, 170.297/s/gpu LR: 0.000973 Logit Scale: 14.250 Contrastive_loss: 3.5938 (3.5938) Loss: 3.5938 (3.5938)
2024-11-04,12:14:45 | INFO | Train Epoch: 38 [65536/65536 (100%)] Data (t): 0.451 Batch (t): 0.662, 1647.05/s, 1647.05/s/gpu LR: 0.000998 Logit Scale: 14.250 Contrastive_loss: 3.3438 (3.4688) Loss: 3.3438 (3.4688)
2024-11-04,12:14:45 | INFO | Starting zero-shot imagenet.
2024-11-04,12:14:45 | INFO | Building zero-shot classifier
2024-11-04,12:14:54 | INFO | Using classifier
2024-11-04,12:15:45 | INFO | Finished zero-shot imagenet.
2024-11-04,12:15:45 | INFO | Eval Epoch: 39 imagenet-zeroshot-val-top1: 0.0191	imagenet-zeroshot-val-top5: 0.0581
2024-11-04,12:15:47 | INFO | Start epoch 39
2024-11-04,12:15:53 | INFO | Train Epoch: 39 [ 1024/65536 (2%)] Data (t): 5.382 Batch (t): 5.617, 182.314/s, 182.314/s/gpu LR: 0.000999 Logit Scale: 14.250 Contrastive_loss: 3.8750 (3.8750) Loss: 3.8750 (3.8750)
2024-11-04,12:16:34 | INFO | Train Epoch: 39 [65536/65536 (100%)] Data (t): 0.449 Batch (t): 0.660, 1486.38/s, 1486.38/s/gpu LR: 0.001024 Logit Scale: 14.250 Contrastive_loss: 3.1719 (3.5234) Loss: 3.1719 (3.5234)
2024-11-04,12:16:34 | INFO | Starting zero-shot imagenet.
2024-11-04,12:16:34 | INFO | Building zero-shot classifier
2024-11-04,12:16:44 | INFO | Using classifier
2024-11-04,12:17:31 | INFO | Finished zero-shot imagenet.
2024-11-04,12:17:31 | INFO | Eval Epoch: 40 imagenet-zeroshot-val-top1: 0.0194	imagenet-zeroshot-val-top5: 0.0593
2024-11-04,12:17:33 | INFO | Start epoch 40
2024-11-04,12:17:39 | INFO | Train Epoch: 40 [ 1024/65536 (2%)] Data (t): 5.640 Batch (t): 5.861, 174.719/s, 174.719/s/gpu LR: 0.001024 Logit Scale: 14.250 Contrastive_loss: 4.1250 (4.1250) Loss: 4.1250 (4.1250)
2024-11-04,12:18:20 | INFO | Train Epoch: 40 [65536/65536 (100%)] Data (t): 0.442 Batch (t): 0.651, 1646.50/s, 1646.50/s/gpu LR: 0.001050 Logit Scale: 14.250 Contrastive_loss: 3.2500 (3.6875) Loss: 3.2500 (3.6875)
2024-11-04,12:18:20 | INFO | Starting zero-shot imagenet.
2024-11-04,12:18:20 | INFO | Building zero-shot classifier
2024-11-04,12:18:30 | INFO | Using classifier
2024-11-04,12:19:16 | INFO | Finished zero-shot imagenet.
2024-11-04,12:19:16 | INFO | Eval Epoch: 41 imagenet-zeroshot-val-top1: 0.0193	imagenet-zeroshot-val-top5: 0.0583
2024-11-04,12:19:18 | INFO | Start epoch 41
2024-11-04,12:19:25 | INFO | Train Epoch: 41 [ 1024/65536 (2%)] Data (t): 6.401 Batch (t): 6.619, 154.698/s, 154.698/s/gpu LR: 0.001050 Logit Scale: 14.250 Contrastive_loss: 3.7812 (3.7812) Loss: 3.7812 (3.7812)
2024-11-04,12:20:06 | INFO | Train Epoch: 41 [65536/65536 (100%)] Data (t): 0.436 Batch (t): 0.642, 1646.78/s, 1646.78/s/gpu LR: 0.001075 Logit Scale: 14.250 Contrastive_loss: 3.5000 (3.6406) Loss: 3.5000 (3.6406)
2024-11-04,12:20:06 | INFO | Starting zero-shot imagenet.
2024-11-04,12:20:06 | INFO | Building zero-shot classifier
2024-11-04,12:20:15 | INFO | Using classifier
2024-11-04,12:21:01 | INFO | Finished zero-shot imagenet.
2024-11-04,12:21:01 | INFO | Eval Epoch: 42 imagenet-zeroshot-val-top1: 0.0192	imagenet-zeroshot-val-top5: 0.0596
2024-11-04,12:21:03 | INFO | Start epoch 42
2024-11-04,12:21:10 | INFO | Train Epoch: 42 [ 1024/65536 (2%)] Data (t): 6.022 Batch (t): 6.238, 164.153/s, 164.153/s/gpu LR: 0.001076 Logit Scale: 14.250 Contrastive_loss: 4.3125 (4.3125) Loss: 4.3125 (4.3125)
2024-11-04,12:21:51 | INFO | Train Epoch: 42 [65536/65536 (100%)] Data (t): 0.435 Batch (t): 0.645, 1598.22/s, 1598.22/s/gpu LR: 0.001101 Logit Scale: 14.250 Contrastive_loss: 2.9062 (3.6094) Loss: 2.9062 (3.6094)
2024-11-04,12:21:51 | INFO | Starting zero-shot imagenet.
2024-11-04,12:21:51 | INFO | Building zero-shot classifier
2024-11-04,12:22:00 | INFO | Using classifier
2024-11-04,12:22:43 | INFO | Finished zero-shot imagenet.
2024-11-04,12:22:43 | INFO | Eval Epoch: 43 imagenet-zeroshot-val-top1: 0.0201	imagenet-zeroshot-val-top5: 0.0622
2024-11-04,12:22:45 | INFO | Start epoch 43
2024-11-04,12:22:51 | INFO | Train Epoch: 43 [ 1024/65536 (2%)] Data (t): 5.106 Batch (t): 5.323, 192.364/s, 192.364/s/gpu LR: 0.001101 Logit Scale: 14.250 Contrastive_loss: 4.0938 (4.0938) Loss: 4.0938 (4.0938)
2024-11-04,12:23:32 | INFO | Train Epoch: 43 [65536/65536 (100%)] Data (t): 0.450 Batch (t): 0.659, 1667.29/s, 1667.29/s/gpu LR: 0.001126 Logit Scale: 14.250 Contrastive_loss: 3.5469 (3.8203) Loss: 3.5469 (3.8203)
2024-11-04,12:23:33 | INFO | Starting zero-shot imagenet.
2024-11-04,12:23:33 | INFO | Building zero-shot classifier
2024-11-04,12:23:42 | INFO | Using classifier
2024-11-04,12:24:28 | INFO | Finished zero-shot imagenet.
2024-11-04,12:24:28 | INFO | Eval Epoch: 44 imagenet-zeroshot-val-top1: 0.0192	imagenet-zeroshot-val-top5: 0.0617
2024-11-04,12:24:30 | INFO | Start epoch 44
2024-11-04,12:24:37 | INFO | Train Epoch: 44 [ 1024/65536 (2%)] Data (t): 5.891 Batch (t): 6.112, 167.530/s, 167.530/s/gpu LR: 0.001127 Logit Scale: 14.250 Contrastive_loss: 3.3750 (3.3750) Loss: 3.3750 (3.3750)
2024-11-04,12:25:18 | INFO | Train Epoch: 44 [65536/65536 (100%)] Data (t): 0.444 Batch (t): 0.655, 1437.62/s, 1437.62/s/gpu LR: 0.001152 Logit Scale: 14.250 Contrastive_loss: 3.5000 (3.4375) Loss: 3.5000 (3.4375)
2024-11-04,12:25:18 | INFO | Starting zero-shot imagenet.
2024-11-04,12:25:18 | INFO | Building zero-shot classifier
2024-11-04,12:25:27 | INFO | Using classifier
2024-11-04,12:26:14 | INFO | Finished zero-shot imagenet.
2024-11-04,12:26:14 | INFO | Eval Epoch: 45 imagenet-zeroshot-val-top1: 0.0209	imagenet-zeroshot-val-top5: 0.0637
2024-11-04,12:26:16 | INFO | Start epoch 45
2024-11-04,12:26:22 | INFO | Train Epoch: 45 [ 1024/65536 (2%)] Data (t): 5.270 Batch (t): 5.483, 186.767/s, 186.767/s/gpu LR: 0.001152 Logit Scale: 14.250 Contrastive_loss: 3.5312 (3.5312) Loss: 3.5312 (3.5312)
2024-11-04,12:27:04 | INFO | Train Epoch: 45 [65536/65536 (100%)] Data (t): 0.448 Batch (t): 0.658, 1658.07/s, 1658.07/s/gpu LR: 0.001178 Logit Scale: 14.250 Contrastive_loss: 3.3438 (3.4375) Loss: 3.3438 (3.4375)
2024-11-04,12:27:04 | INFO | Starting zero-shot imagenet.
2024-11-04,12:27:04 | INFO | Building zero-shot classifier
2024-11-04,12:27:13 | INFO | Using classifier
2024-11-04,12:27:57 | INFO | Finished zero-shot imagenet.
2024-11-04,12:27:57 | INFO | Eval Epoch: 46 imagenet-zeroshot-val-top1: 0.0189	imagenet-zeroshot-val-top5: 0.0604
2024-11-04,12:27:59 | INFO | Start epoch 46
2024-11-04,12:28:05 | INFO | Train Epoch: 46 [ 1024/65536 (2%)] Data (t): 5.541 Batch (t): 5.805, 176.386/s, 176.386/s/gpu LR: 0.001178 Logit Scale: 14.250 Contrastive_loss: 4.2500 (4.2500) Loss: 4.2500 (4.2500)
2024-11-04,12:28:48 | INFO | Train Epoch: 46 [65536/65536 (100%)] Data (t): 0.456 Batch (t): 0.669, 1672.45/s, 1672.45/s/gpu LR: 0.001203 Logit Scale: 14.250 Contrastive_loss: 3.4375 (3.8438) Loss: 3.4375 (3.8438)
2024-11-04,12:28:48 | INFO | Starting zero-shot imagenet.
2024-11-04,12:28:48 | INFO | Building zero-shot classifier
2024-11-04,12:28:57 | INFO | Using classifier
2024-11-04,12:29:42 | INFO | Finished zero-shot imagenet.
2024-11-04,12:29:42 | INFO | Eval Epoch: 47 imagenet-zeroshot-val-top1: 0.0211	imagenet-zeroshot-val-top5: 0.0637
2024-11-04,12:29:44 | INFO | Start epoch 47
2024-11-04,12:29:50 | INFO | Train Epoch: 47 [ 1024/65536 (2%)] Data (t): 5.565 Batch (t): 5.826, 175.776/s, 175.776/s/gpu LR: 0.001204 Logit Scale: 14.250 Contrastive_loss: 3.8125 (3.8125) Loss: 3.8125 (3.8125)
2024-11-04,12:30:31 | INFO | Train Epoch: 47 [65536/65536 (100%)] Data (t): 0.437 Batch (t): 0.648, 1658.38/s, 1658.38/s/gpu LR: 0.001229 Logit Scale: 14.250 Contrastive_loss: 2.9062 (3.3594) Loss: 2.9062 (3.3594)
2024-11-04,12:30:31 | INFO | Starting zero-shot imagenet.
2024-11-04,12:30:31 | INFO | Building zero-shot classifier
2024-11-04,12:30:40 | INFO | Using classifier
2024-11-04,12:31:26 | INFO | Finished zero-shot imagenet.
2024-11-04,12:31:26 | INFO | Eval Epoch: 48 imagenet-zeroshot-val-top1: 0.0214	imagenet-zeroshot-val-top5: 0.0663
2024-11-04,12:31:27 | INFO | Start epoch 48
2024-11-04,12:31:34 | INFO | Train Epoch: 48 [ 1024/65536 (2%)] Data (t): 5.982 Batch (t): 6.202, 165.118/s, 165.118/s/gpu LR: 0.001229 Logit Scale: 14.250 Contrastive_loss: 3.7031 (3.7031) Loss: 3.7031 (3.7031)
2024-11-04,12:32:16 | INFO | Train Epoch: 48 [65536/65536 (100%)] Data (t): 0.452 Batch (t): 0.662, 1633.15/s, 1633.15/s/gpu LR: 0.001254 Logit Scale: 14.250 Contrastive_loss: 3.2969 (3.5000) Loss: 3.2969 (3.5000)
2024-11-04,12:32:16 | INFO | Starting zero-shot imagenet.
2024-11-04,12:32:16 | INFO | Building zero-shot classifier
2024-11-04,12:32:25 | INFO | Using classifier
2024-11-04,12:33:14 | INFO | Finished zero-shot imagenet.
2024-11-04,12:33:14 | INFO | Eval Epoch: 49 imagenet-zeroshot-val-top1: 0.0217	imagenet-zeroshot-val-top5: 0.0650
2024-11-04,12:33:16 | INFO | Start epoch 49
2024-11-04,12:33:22 | INFO | Train Epoch: 49 [ 1024/65536 (2%)] Data (t): 5.556 Batch (t): 5.811, 176.225/s, 176.225/s/gpu LR: 0.001255 Logit Scale: 14.250 Contrastive_loss: 3.4375 (3.4375) Loss: 3.4375 (3.4375)
2024-11-04,12:34:03 | INFO | Train Epoch: 49 [65536/65536 (100%)] Data (t): 0.439 Batch (t): 0.650, 1649.57/s, 1649.57/s/gpu LR: 0.001280 Logit Scale: 14.250 Contrastive_loss: 3.3750 (3.4062) Loss: 3.3750 (3.4062)
2024-11-04,12:34:03 | INFO | Starting zero-shot imagenet.
2024-11-04,12:34:03 | INFO | Building zero-shot classifier
2024-11-04,12:34:12 | INFO | Using classifier
2024-11-04,12:34:57 | INFO | Finished zero-shot imagenet.
2024-11-04,12:34:57 | INFO | Eval Epoch: 50 imagenet-zeroshot-val-top1: 0.0226	imagenet-zeroshot-val-top5: 0.0658
2024-11-04,12:34:59 | INFO | Start epoch 50
2024-11-04,12:35:05 | INFO | Train Epoch: 50 [ 1024/65536 (2%)] Data (t): 5.159 Batch (t): 5.383, 190.232/s, 190.232/s/gpu LR: 0.001280 Logit Scale: 14.250 Contrastive_loss: 4.0312 (4.0312) Loss: 4.0312 (4.0312)
2024-11-04,12:35:46 | INFO | Train Epoch: 50 [65536/65536 (100%)] Data (t): 0.452 Batch (t): 0.665, 1502.61/s, 1502.61/s/gpu LR: 0.001306 Logit Scale: 14.250 Contrastive_loss: 3.3750 (3.7031) Loss: 3.3750 (3.7031)
2024-11-04,12:35:47 | INFO | Starting zero-shot imagenet.
2024-11-04,12:35:47 | INFO | Building zero-shot classifier
2024-11-04,12:35:56 | INFO | Using classifier
2024-11-04,12:36:42 | INFO | Finished zero-shot imagenet.
2024-11-04,12:36:42 | INFO | Eval Epoch: 51 imagenet-zeroshot-val-top1: 0.0236	imagenet-zeroshot-val-top5: 0.0650
2024-11-04,12:36:44 | INFO | Start epoch 51
2024-11-04,12:36:49 | INFO | Train Epoch: 51 [ 1024/65536 (2%)] Data (t): 5.344 Batch (t): 5.560, 184.171/s, 184.171/s/gpu LR: 0.001306 Logit Scale: 14.250 Contrastive_loss: 4.0312 (4.0312) Loss: 4.0312 (4.0312)
2024-11-04,12:37:31 | INFO | Train Epoch: 51 [65536/65536 (100%)] Data (t): 0.456 Batch (t): 0.667, 1648.00/s, 1648.00/s/gpu LR: 0.001331 Logit Scale: 14.250 Contrastive_loss: 3.2812 (3.6562) Loss: 3.2812 (3.6562)
2024-11-04,12:37:32 | INFO | Starting zero-shot imagenet.
2024-11-04,12:37:32 | INFO | Building zero-shot classifier
2024-11-04,12:37:41 | INFO | Using classifier
2024-11-04,12:38:28 | INFO | Finished zero-shot imagenet.
2024-11-04,12:38:28 | INFO | Eval Epoch: 52 imagenet-zeroshot-val-top1: 0.0239	imagenet-zeroshot-val-top5: 0.0695
2024-11-04,12:38:29 | INFO | Start epoch 52
2024-11-04,12:38:36 | INFO | Train Epoch: 52 [ 1024/65536 (2%)] Data (t): 5.899 Batch (t): 6.116, 167.427/s, 167.427/s/gpu LR: 0.001332 Logit Scale: 14.250 Contrastive_loss: 3.8438 (3.8438) Loss: 3.8438 (3.8438)
2024-11-04,12:39:17 | INFO | Train Epoch: 52 [65536/65536 (100%)] Data (t): 0.451 Batch (t): 0.660, 1641.76/s, 1641.76/s/gpu LR: 0.001357 Logit Scale: 14.250 Contrastive_loss: 3.4375 (3.6406) Loss: 3.4375 (3.6406)
2024-11-04,12:39:18 | INFO | Starting zero-shot imagenet.
2024-11-04,12:39:18 | INFO | Building zero-shot classifier
2024-11-04,12:39:27 | INFO | Using classifier
2024-11-04,12:40:12 | INFO | Finished zero-shot imagenet.
2024-11-04,12:40:12 | INFO | Eval Epoch: 53 imagenet-zeroshot-val-top1: 0.0225	imagenet-zeroshot-val-top5: 0.0659
2024-11-04,12:40:14 | INFO | Start epoch 53
2024-11-04,12:40:21 | INFO | Train Epoch: 53 [ 1024/65536 (2%)] Data (t): 6.057 Batch (t): 6.281, 163.025/s, 163.025/s/gpu LR: 0.001357 Logit Scale: 14.250 Contrastive_loss: 3.4375 (3.4375) Loss: 3.4375 (3.4375)
2024-11-04,12:41:01 | INFO | Train Epoch: 53 [65536/65536 (100%)] Data (t): 0.434 Batch (t): 0.641, 1650.69/s, 1650.69/s/gpu LR: 0.001382 Logit Scale: 14.250 Contrastive_loss: 2.9844 (3.2109) Loss: 2.9844 (3.2109)
2024-11-04,12:41:01 | INFO | Starting zero-shot imagenet.
2024-11-04,12:41:01 | INFO | Building zero-shot classifier
2024-11-04,12:41:10 | INFO | Using classifier
2024-11-04,12:41:57 | INFO | Finished zero-shot imagenet.
2024-11-04,12:41:57 | INFO | Eval Epoch: 54 imagenet-zeroshot-val-top1: 0.0216	imagenet-zeroshot-val-top5: 0.0652
2024-11-04,12:41:59 | INFO | Start epoch 54
2024-11-04,12:42:05 | INFO | Train Epoch: 54 [ 1024/65536 (2%)] Data (t): 6.044 Batch (t): 6.270, 163.305/s, 163.305/s/gpu LR: 0.001383 Logit Scale: 14.250 Contrastive_loss: 3.3125 (3.3125) Loss: 3.3125 (3.3125)
2024-11-04,12:42:47 | INFO | Train Epoch: 54 [65536/65536 (100%)] Data (t): 0.449 Batch (t): 0.658, 1470.03/s, 1470.03/s/gpu LR: 0.001408 Logit Scale: 14.250 Contrastive_loss: 2.7656 (3.0391) Loss: 2.7656 (3.0391)
2024-11-04,12:42:47 | INFO | Starting zero-shot imagenet.
2024-11-04,12:42:47 | INFO | Building zero-shot classifier
2024-11-04,12:42:56 | INFO | Using classifier
2024-11-04,12:43:41 | INFO | Finished zero-shot imagenet.
2024-11-04,12:43:41 | INFO | Eval Epoch: 55 imagenet-zeroshot-val-top1: 0.0222	imagenet-zeroshot-val-top5: 0.0677
2024-11-04,12:43:43 | INFO | Start epoch 55
2024-11-04,12:43:49 | INFO | Train Epoch: 55 [ 1024/65536 (2%)] Data (t): 5.436 Batch (t): 5.695, 179.818/s, 179.818/s/gpu LR: 0.001408 Logit Scale: 14.250 Contrastive_loss: 3.5312 (3.5312) Loss: 3.5312 (3.5312)
2024-11-04,12:44:30 | INFO | Train Epoch: 55 [65536/65536 (100%)] Data (t): 0.443 Batch (t): 0.651, 1660.57/s, 1660.57/s/gpu LR: 0.001434 Logit Scale: 14.250 Contrastive_loss: 3.1250 (3.3281) Loss: 3.1250 (3.3281)
2024-11-04,12:44:30 | INFO | Starting zero-shot imagenet.
2024-11-04,12:44:30 | INFO | Building zero-shot classifier
2024-11-04,12:44:39 | INFO | Using classifier
2024-11-04,12:45:25 | INFO | Finished zero-shot imagenet.
2024-11-04,12:45:25 | INFO | Eval Epoch: 56 imagenet-zeroshot-val-top1: 0.0230	imagenet-zeroshot-val-top5: 0.0670
2024-11-04,12:45:27 | INFO | Start epoch 56
2024-11-04,12:45:33 | INFO | Train Epoch: 56 [ 1024/65536 (2%)] Data (t): 5.302 Batch (t): 5.534, 185.041/s, 185.041/s/gpu LR: 0.001434 Logit Scale: 14.250 Contrastive_loss: 3.2188 (3.2188) Loss: 3.2188 (3.2188)
2024-11-04,12:46:14 | INFO | Train Epoch: 56 [65536/65536 (100%)] Data (t): 0.452 Batch (t): 0.661, 1649.55/s, 1649.55/s/gpu LR: 0.001459 Logit Scale: 14.250 Contrastive_loss: 2.7031 (2.9609) Loss: 2.7031 (2.9609)
2024-11-04,12:46:14 | INFO | Starting zero-shot imagenet.
2024-11-04,12:46:14 | INFO | Building zero-shot classifier
2024-11-04,12:46:24 | INFO | Using classifier
2024-11-04,12:47:08 | INFO | Finished zero-shot imagenet.
2024-11-04,12:47:08 | INFO | Eval Epoch: 57 imagenet-zeroshot-val-top1: 0.0235	imagenet-zeroshot-val-top5: 0.0671
2024-11-04,12:47:11 | INFO | Start epoch 57
2024-11-04,12:47:16 | INFO | Train Epoch: 57 [ 1024/65536 (2%)] Data (t): 5.178 Batch (t): 5.418, 188.994/s, 188.994/s/gpu LR: 0.001460 Logit Scale: 14.250 Contrastive_loss: 3.6250 (3.6250) Loss: 3.6250 (3.6250)
2024-11-04,12:47:58 | INFO | Train Epoch: 57 [65536/65536 (100%)] Data (t): 0.451 Batch (t): 0.661, 1671.52/s, 1671.52/s/gpu LR: 0.001485 Logit Scale: 14.250 Contrastive_loss: 2.6719 (3.1484) Loss: 2.6719 (3.1484)
2024-11-04,12:47:58 | INFO | Starting zero-shot imagenet.
2024-11-04,12:47:58 | INFO | Building zero-shot classifier
2024-11-04,12:48:07 | INFO | Using classifier
2024-11-04,12:48:51 | INFO | Finished zero-shot imagenet.
2024-11-04,12:48:51 | INFO | Eval Epoch: 58 imagenet-zeroshot-val-top1: 0.0215	imagenet-zeroshot-val-top5: 0.0664
2024-11-04,12:48:53 | INFO | Start epoch 58
2024-11-04,12:48:58 | INFO | Train Epoch: 58 [ 1024/65536 (2%)] Data (t): 4.895 Batch (t): 5.124, 199.862/s, 199.862/s/gpu LR: 0.001485 Logit Scale: 14.250 Contrastive_loss: 2.9375 (2.9375) Loss: 2.9375 (2.9375)
2024-11-04,12:49:39 | INFO | Train Epoch: 58 [65536/65536 (100%)] Data (t): 0.438 Batch (t): 0.647, 1660.43/s, 1660.43/s/gpu LR: 0.001510 Logit Scale: 14.250 Contrastive_loss: 2.7969 (2.8672) Loss: 2.7969 (2.8672)
2024-11-04,12:49:39 | INFO | Starting zero-shot imagenet.
2024-11-04,12:49:39 | INFO | Building zero-shot classifier
2024-11-04,12:49:48 | INFO | Using classifier
2024-11-04,12:50:35 | INFO | Finished zero-shot imagenet.
2024-11-04,12:50:35 | INFO | Eval Epoch: 59 imagenet-zeroshot-val-top1: 0.0241	imagenet-zeroshot-val-top5: 0.0703
2024-11-04,12:50:37 | INFO | Start epoch 59
2024-11-04,12:50:43 | INFO | Train Epoch: 59 [ 1024/65536 (2%)] Data (t): 5.430 Batch (t): 5.650, 181.228/s, 181.228/s/gpu LR: 0.001511 Logit Scale: 14.250 Contrastive_loss: 2.4062 (2.4062) Loss: 2.4062 (2.4062)
2024-11-04,12:51:24 | INFO | Train Epoch: 59 [65536/65536 (100%)] Data (t): 0.439 Batch (t): 0.650, 1625.73/s, 1625.73/s/gpu LR: 0.001536 Logit Scale: 14.250 Contrastive_loss: 2.5312 (2.4688) Loss: 2.5312 (2.4688)
2024-11-04,12:51:24 | INFO | Starting zero-shot imagenet.
2024-11-04,12:51:24 | INFO | Building zero-shot classifier
2024-11-04,12:51:33 | INFO | Using classifier
2024-11-04,12:52:19 | INFO | Finished zero-shot imagenet.
2024-11-04,12:52:19 | INFO | Eval Epoch: 60 imagenet-zeroshot-val-top1: 0.0220	imagenet-zeroshot-val-top5: 0.0664
