2024-11-04,04:54:02 | INFO | No latest resume checkpoint found in ./logs/2024_11_04-04_54_02-model_MobileCLIP-B-lr_0.002-b_1024-j_8-p_pure_bf16/checkpoints.
2024-11-04,04:54:02 | INFO | Running with a single process. Device cuda.
2024-11-04,04:54:02 | INFO | Loaded MobileCLIP-B model config.
2024-11-04,04:54:05 | INFO | Model:
2024-11-04,04:54:05 | INFO | CustomTextCLIP(
  (visual): TimmModel(
    (trunk): VisionTransformer(
      (patch_embed): HybridEmbed(
        (backbone): ConvStem(
          (0): ConvNormAct(
            (conv): Conv2d(3, 192, kernel_size=(4, 4), stride=(4, 4), bias=False)
            (bn): BatchNormAct2d(
              192, eps=1e-05, momentum=0.1, affine=True, track_running_stats=True
              (drop): Identity()
              (act): GELU(approximate='none')
            )
          )
          (1): ConvNormAct(
            (conv): Conv2d(192, 192, kernel_size=(2, 2), stride=(2, 2), bias=False)
            (bn): BatchNormAct2d(
              192, eps=1e-05, momentum=0.1, affine=True, track_running_stats=True
              (drop): Identity()
              (act): GELU(approximate='none')
            )
          )
          (2): ConvNormAct(
            (conv): Conv2d(192, 768, kernel_size=(2, 2), stride=(2, 2))
            (bn): Sequential()
          )
        )
        (proj): Identity()
      )
      (pos_drop): Dropout(p=0.0, inplace=False)
      (patch_drop): Identity()
      (norm_pre): Identity()
      (blocks): Sequential(
        (0): Block(
          (norm1): LayerNorm((768,), eps=1e-06, elementwise_affine=True)
          (attn): Attention(
            (qkv): Linear(in_features=768, out_features=2304, bias=True)
            (q_norm): Identity()
            (k_norm): Identity()
            (attn_drop): Dropout(p=0.0, inplace=False)
            (proj): Linear(in_features=768, out_features=768, bias=True)
            (proj_drop): Dropout(p=0.0, inplace=False)
          )
          (ls1): Identity()
          (drop_path1): Identity()
          (norm2): LayerNorm((768,), eps=1e-06, elementwise_affine=True)
          (mlp): Mlp(
            (fc1): Linear(in_features=768, out_features=3072, bias=True)
            (act): GELU(approximate='none')
            (drop1): Dropout(p=0.0, inplace=False)
            (norm): Identity()
            (fc2): Linear(in_features=3072, out_features=768, bias=True)
            (drop2): Dropout(p=0.0, inplace=False)
          )
          (ls2): Identity()
          (drop_path2): Identity()
        )
        (1): Block(
          (norm1): LayerNorm((768,), eps=1e-06, elementwise_affine=True)
          (attn): Attention(
            (qkv): Linear(in_features=768, out_features=2304, bias=True)
            (q_norm): Identity()
            (k_norm): Identity()
            (attn_drop): Dropout(p=0.0, inplace=False)
            (proj): Linear(in_features=768, out_features=768, bias=True)
            (proj_drop): Dropout(p=0.0, inplace=False)
          )
          (ls1): Identity()
          (drop_path1): Identity()
          (norm2): LayerNorm((768,), eps=1e-06, elementwise_affine=True)
          (mlp): Mlp(
            (fc1): Linear(in_features=768, out_features=3072, bias=True)
            (act): GELU(approximate='none')
            (drop1): Dropout(p=0.0, inplace=False)
            (norm): Identity()
            (fc2): Linear(in_features=3072, out_features=768, bias=True)
            (drop2): Dropout(p=0.0, inplace=False)
          )
          (ls2): Identity()
          (drop_path2): Identity()
        )
        (2): Block(
          (norm1): LayerNorm((768,), eps=1e-06, elementwise_affine=True)
          (attn): Attention(
            (qkv): Linear(in_features=768, out_features=2304, bias=True)
            (q_norm): Identity()
            (k_norm): Identity()
            (attn_drop): Dropout(p=0.0, inplace=False)
            (proj): Linear(in_features=768, out_features=768, bias=True)
            (proj_drop): Dropout(p=0.0, inplace=False)
          )
          (ls1): Identity()
          (drop_path1): Identity()
          (norm2): LayerNorm((768,), eps=1e-06, elementwise_affine=True)
          (mlp): Mlp(
            (fc1): Linear(in_features=768, out_features=3072, bias=True)
            (act): GELU(approximate='none')
            (drop1): Dropout(p=0.0, inplace=False)
            (norm): Identity()
            (fc2): Linear(in_features=3072, out_features=768, bias=True)
            (drop2): Dropout(p=0.0, inplace=False)
          )
          (ls2): Identity()
          (drop_path2): Identity()
        )
        (3): Block(
          (norm1): LayerNorm((768,), eps=1e-06, elementwise_affine=True)
          (attn): Attention(
            (qkv): Linear(in_features=768, out_features=2304, bias=True)
            (q_norm): Identity()
            (k_norm): Identity()
            (attn_drop): Dropout(p=0.0, inplace=False)
            (proj): Linear(in_features=768, out_features=768, bias=True)
            (proj_drop): Dropout(p=0.0, inplace=False)
          )
          (ls1): Identity()
          (drop_path1): Identity()
          (norm2): LayerNorm((768,), eps=1e-06, elementwise_affine=True)
          (mlp): Mlp(
            (fc1): Linear(in_features=768, out_features=3072, bias=True)
            (act): GELU(approximate='none')
            (drop1): Dropout(p=0.0, inplace=False)
            (norm): Identity()
            (fc2): Linear(in_features=3072, out_features=768, bias=True)
            (drop2): Dropout(p=0.0, inplace=False)
          )
          (ls2): Identity()
          (drop_path2): Identity()
        )
        (4): Block(
          (norm1): LayerNorm((768,), eps=1e-06, elementwise_affine=True)
          (attn): Attention(
            (qkv): Linear(in_features=768, out_features=2304, bias=True)
            (q_norm): Identity()
            (k_norm): Identity()
            (attn_drop): Dropout(p=0.0, inplace=False)
            (proj): Linear(in_features=768, out_features=768, bias=True)
            (proj_drop): Dropout(p=0.0, inplace=False)
          )
          (ls1): Identity()
          (drop_path1): Identity()
          (norm2): LayerNorm((768,), eps=1e-06, elementwise_affine=True)
          (mlp): Mlp(
            (fc1): Linear(in_features=768, out_features=3072, bias=True)
            (act): GELU(approximate='none')
            (drop1): Dropout(p=0.0, inplace=False)
            (norm): Identity()
            (fc2): Linear(in_features=3072, out_features=768, bias=True)
            (drop2): Dropout(p=0.0, inplace=False)
          )
          (ls2): Identity()
          (drop_path2): Identity()
        )
        (5): Block(
          (norm1): LayerNorm((768,), eps=1e-06, elementwise_affine=True)
          (attn): Attention(
            (qkv): Linear(in_features=768, out_features=2304, bias=True)
            (q_norm): Identity()
            (k_norm): Identity()
            (attn_drop): Dropout(p=0.0, inplace=False)
            (proj): Linear(in_features=768, out_features=768, bias=True)
            (proj_drop): Dropout(p=0.0, inplace=False)
          )
          (ls1): Identity()
          (drop_path1): Identity()
          (norm2): LayerNorm((768,), eps=1e-06, elementwise_affine=True)
          (mlp): Mlp(
            (fc1): Linear(in_features=768, out_features=3072, bias=True)
            (act): GELU(approximate='none')
            (drop1): Dropout(p=0.0, inplace=False)
            (norm): Identity()
            (fc2): Linear(in_features=3072, out_features=768, bias=True)
            (drop2): Dropout(p=0.0, inplace=False)
          )
          (ls2): Identity()
          (drop_path2): Identity()
        )
        (6): Block(
          (norm1): LayerNorm((768,), eps=1e-06, elementwise_affine=True)
          (attn): Attention(
            (qkv): Linear(in_features=768, out_features=2304, bias=True)
            (q_norm): Identity()
            (k_norm): Identity()
            (attn_drop): Dropout(p=0.0, inplace=False)
            (proj): Linear(in_features=768, out_features=768, bias=True)
            (proj_drop): Dropout(p=0.0, inplace=False)
          )
          (ls1): Identity()
          (drop_path1): Identity()
          (norm2): LayerNorm((768,), eps=1e-06, elementwise_affine=True)
          (mlp): Mlp(
            (fc1): Linear(in_features=768, out_features=3072, bias=True)
            (act): GELU(approximate='none')
            (drop1): Dropout(p=0.0, inplace=False)
            (norm): Identity()
            (fc2): Linear(in_features=3072, out_features=768, bias=True)
            (drop2): Dropout(p=0.0, inplace=False)
          )
          (ls2): Identity()
          (drop_path2): Identity()
        )
        (7): Block(
          (norm1): LayerNorm((768,), eps=1e-06, elementwise_affine=True)
          (attn): Attention(
            (qkv): Linear(in_features=768, out_features=2304, bias=True)
            (q_norm): Identity()
            (k_norm): Identity()
            (attn_drop): Dropout(p=0.0, inplace=False)
            (proj): Linear(in_features=768, out_features=768, bias=True)
            (proj_drop): Dropout(p=0.0, inplace=False)
          )
          (ls1): Identity()
          (drop_path1): Identity()
          (norm2): LayerNorm((768,), eps=1e-06, elementwise_affine=True)
          (mlp): Mlp(
            (fc1): Linear(in_features=768, out_features=3072, bias=True)
            (act): GELU(approximate='none')
            (drop1): Dropout(p=0.0, inplace=False)
            (norm): Identity()
            (fc2): Linear(in_features=3072, out_features=768, bias=True)
            (drop2): Dropout(p=0.0, inplace=False)
          )
          (ls2): Identity()
          (drop_path2): Identity()
        )
        (8): Block(
          (norm1): LayerNorm((768,), eps=1e-06, elementwise_affine=True)
          (attn): Attention(
            (qkv): Linear(in_features=768, out_features=2304, bias=True)
            (q_norm): Identity()
            (k_norm): Identity()
            (attn_drop): Dropout(p=0.0, inplace=False)
            (proj): Linear(in_features=768, out_features=768, bias=True)
            (proj_drop): Dropout(p=0.0, inplace=False)
          )
          (ls1): Identity()
          (drop_path1): Identity()
          (norm2): LayerNorm((768,), eps=1e-06, elementwise_affine=True)
          (mlp): Mlp(
            (fc1): Linear(in_features=768, out_features=3072, bias=True)
            (act): GELU(approximate='none')
            (drop1): Dropout(p=0.0, inplace=False)
            (norm): Identity()
            (fc2): Linear(in_features=3072, out_features=768, bias=True)
            (drop2): Dropout(p=0.0, inplace=False)
          )
          (ls2): Identity()
          (drop_path2): Identity()
        )
        (9): Block(
          (norm1): LayerNorm((768,), eps=1e-06, elementwise_affine=True)
          (attn): Attention(
            (qkv): Linear(in_features=768, out_features=2304, bias=True)
            (q_norm): Identity()
            (k_norm): Identity()
            (attn_drop): Dropout(p=0.0, inplace=False)
            (proj): Linear(in_features=768, out_features=768, bias=True)
            (proj_drop): Dropout(p=0.0, inplace=False)
          )
          (ls1): Identity()
          (drop_path1): Identity()
          (norm2): LayerNorm((768,), eps=1e-06, elementwise_affine=True)
          (mlp): Mlp(
            (fc1): Linear(in_features=768, out_features=3072, bias=True)
            (act): GELU(approximate='none')
            (drop1): Dropout(p=0.0, inplace=False)
            (norm): Identity()
            (fc2): Linear(in_features=3072, out_features=768, bias=True)
            (drop2): Dropout(p=0.0, inplace=False)
          )
          (ls2): Identity()
          (drop_path2): Identity()
        )
        (10): Block(
          (norm1): LayerNorm((768,), eps=1e-06, elementwise_affine=True)
          (attn): Attention(
            (qkv): Linear(in_features=768, out_features=2304, bias=True)
            (q_norm): Identity()
            (k_norm): Identity()
            (attn_drop): Dropout(p=0.0, inplace=False)
            (proj): Linear(in_features=768, out_features=768, bias=True)
            (proj_drop): Dropout(p=0.0, inplace=False)
          )
          (ls1): Identity()
          (drop_path1): Identity()
          (norm2): LayerNorm((768,), eps=1e-06, elementwise_affine=True)
          (mlp): Mlp(
            (fc1): Linear(in_features=768, out_features=3072, bias=True)
            (act): GELU(approximate='none')
            (drop1): Dropout(p=0.0, inplace=False)
            (norm): Identity()
            (fc2): Linear(in_features=3072, out_features=768, bias=True)
            (drop2): Dropout(p=0.0, inplace=False)
          )
          (ls2): Identity()
          (drop_path2): Identity()
        )
        (11): Block(
          (norm1): LayerNorm((768,), eps=1e-06, elementwise_affine=True)
          (attn): Attention(
            (qkv): Linear(in_features=768, out_features=2304, bias=True)
            (q_norm): Identity()
            (k_norm): Identity()
            (attn_drop): Dropout(p=0.0, inplace=False)
            (proj): Linear(in_features=768, out_features=768, bias=True)
            (proj_drop): Dropout(p=0.0, inplace=False)
          )
          (ls1): Identity()
          (drop_path1): Identity()
          (norm2): LayerNorm((768,), eps=1e-06, elementwise_affine=True)
          (mlp): Mlp(
            (fc1): Linear(in_features=768, out_features=3072, bias=True)
            (act): GELU(approximate='none')
            (drop1): Dropout(p=0.0, inplace=False)
            (norm): Identity()
            (fc2): Linear(in_features=3072, out_features=768, bias=True)
            (drop2): Dropout(p=0.0, inplace=False)
          )
          (ls2): Identity()
          (drop_path2): Identity()
        )
      )
      (norm): LayerNorm((768,), eps=1e-06, elementwise_affine=True)
      (fc_norm): Identity()
      (head_drop): Dropout(p=0.0, inplace=False)
      (head): Linear(in_features=768, out_features=512, bias=True)
    )
    (head): Sequential()
  )
  (text): TextTransformer(
    (token_embedding): Embedding(49408, 512)
    (transformer): Transformer(
      (resblocks): ModuleList(
        (0-11): 12 x ResidualAttentionBlock(
          (ln_1): LayerNorm((512,), eps=1e-05, elementwise_affine=True)
          (attn): MultiheadAttention(
            (out_proj): NonDynamicallyQuantizableLinear(in_features=512, out_features=512, bias=True)
          )
          (ls_1): Identity()
          (ln_2): LayerNorm((512,), eps=1e-05, elementwise_affine=True)
          (mlp): Sequential(
            (c_fc): Linear(in_features=512, out_features=2048, bias=True)
            (gelu): GELU(approximate='none')
            (c_proj): Linear(in_features=2048, out_features=512, bias=True)
          )
          (ls_2): Identity()
        )
      )
    )
    (ln_final): LayerNorm((512,), eps=1e-05, elementwise_affine=True)
  )
)
2024-11-04,04:54:05 | INFO | Params:
2024-11-04,04:54:05 | INFO |   accum_freq: 1
2024-11-04,04:54:05 | INFO |   aug_cfg: {}
2024-11-04,04:54:05 | INFO |   batch_size: 1024
2024-11-04,04:54:05 | INFO |   beta1: 0.9
2024-11-04,04:54:05 | INFO |   beta2: 0.95
2024-11-04,04:54:05 | INFO |   cache_dir: None
2024-11-04,04:54:05 | INFO |   checkpoint_path: ./logs/2024_11_04-04_54_02-model_MobileCLIP-B-lr_0.002-b_1024-j_8-p_pure_bf16/checkpoints
2024-11-04,04:54:05 | INFO |   coca_caption_loss_weight: 2.0
2024-11-04,04:54:05 | INFO |   coca_contrastive_loss_weight: 1.0
2024-11-04,04:54:05 | INFO |   copy_codebase: False
2024-11-04,04:54:05 | INFO |   csv_caption_key: title
2024-11-04,04:54:05 | INFO |   csv_img_key: filepath
2024-11-04,04:54:05 | INFO |   csv_separator: 	
2024-11-04,04:54:05 | INFO |   dataset_resampled: True
2024-11-04,04:54:05 | INFO |   dataset_type: webdataset
2024-11-04,04:54:05 | INFO |   ddp_static_graph: True
2024-11-04,04:54:05 | INFO |   debug: False
2024-11-04,04:54:05 | INFO |   delete_previous_checkpoint: True
2024-11-04,04:54:05 | INFO |   device: cuda
2024-11-04,04:54:05 | INFO |   dist_backend: None
2024-11-04,04:54:05 | INFO |   dist_url: None
2024-11-04,04:54:05 | INFO |   distill: False
2024-11-04,04:54:05 | INFO |   distill_model: None
2024-11-04,04:54:05 | INFO |   distill_pretrained: None
2024-11-04,04:54:05 | INFO |   distributed: False
2024-11-04,04:54:05 | INFO |   epochs: 60
2024-11-04,04:54:05 | INFO |   epochs_cooldown: None
2024-11-04,04:54:05 | INFO |   eps: 1e-08
2024-11-04,04:54:05 | INFO |   force_custom_text: False
2024-11-04,04:54:05 | INFO |   force_image_size: None
2024-11-04,04:54:05 | INFO |   force_patch_dropout: None
2024-11-04,04:54:05 | INFO |   force_quick_gelu: False
2024-11-04,04:54:05 | INFO |   gather_with_grad: False
2024-11-04,04:54:05 | INFO |   grad_checkpointing: False
2024-11-04,04:54:05 | INFO |   grad_clip_norm: None
2024-11-04,04:54:05 | INFO |   horovod: False
2024-11-04,04:54:05 | INFO |   image_interpolation: None
2024-11-04,04:54:05 | INFO |   image_mean: None
2024-11-04,04:54:05 | INFO |   image_resize_mode: None
2024-11-04,04:54:05 | INFO |   image_std: None
2024-11-04,04:54:05 | INFO |   imagenet_v2: None
2024-11-04,04:54:05 | INFO |   imagenet_val: /home/user/open_clip/open_clip/val_data/val/
2024-11-04,04:54:05 | INFO |   local_loss: False
2024-11-04,04:54:05 | INFO |   local_rank: 0
2024-11-04,04:54:05 | INFO |   lock_image: False
2024-11-04,04:54:05 | INFO |   lock_image_freeze_bn_stats: False
2024-11-04,04:54:05 | INFO |   lock_image_unlocked_groups: 0
2024-11-04,04:54:05 | INFO |   lock_text: False
2024-11-04,04:54:05 | INFO |   lock_text_freeze_layer_norm: False
2024-11-04,04:54:05 | INFO |   lock_text_unlocked_layers: 0
2024-11-04,04:54:05 | INFO |   log_every_n_steps: 100
2024-11-04,04:54:05 | INFO |   log_level: 20
2024-11-04,04:54:05 | INFO |   log_local: False
2024-11-04,04:54:05 | INFO |   log_path: ./logs/2024_11_04-04_54_02-model_MobileCLIP-B-lr_0.002-b_1024-j_8-p_pure_bf16/out.log
2024-11-04,04:54:05 | INFO |   logs: ./logs/
2024-11-04,04:54:05 | INFO |   lr: 0.002
2024-11-04,04:54:05 | INFO |   lr_cooldown_end: 0.0
2024-11-04,04:54:05 | INFO |   lr_cooldown_power: 1.0
2024-11-04,04:54:05 | INFO |   lr_scheduler: cosine
2024-11-04,04:54:05 | INFO |   model: MobileCLIP-B
2024-11-04,04:54:05 | INFO |   name: 2024_11_04-04_54_02-model_MobileCLIP-B-lr_0.002-b_1024-j_8-p_pure_bf16
2024-11-04,04:54:05 | INFO |   no_set_device_rank: False
2024-11-04,04:54:05 | INFO |   precision: pure_bf16
2024-11-04,04:54:05 | INFO |   pretrained: 
2024-11-04,04:54:05 | INFO |   pretrained_image: False
2024-11-04,04:54:05 | INFO |   rank: 0
2024-11-04,04:54:05 | INFO |   remote_sync: None
2024-11-04,04:54:05 | INFO |   remote_sync_frequency: 300
2024-11-04,04:54:05 | INFO |   remote_sync_protocol: s3
2024-11-04,04:54:05 | INFO |   report_to: wandb
2024-11-04,04:54:05 | INFO |   resume: None
2024-11-04,04:54:05 | INFO |   save_frequency: 1
2024-11-04,04:54:05 | INFO |   save_most_recent: True
2024-11-04,04:54:05 | INFO |   seed: 0
2024-11-04,04:54:05 | INFO |   siglip: False
2024-11-04,04:54:05 | INFO |   skip_scheduler: False
2024-11-04,04:54:05 | INFO |   tensorboard: False
2024-11-04,04:54:05 | INFO |   tensorboard_path: 
2024-11-04,04:54:05 | INFO |   torchcompile: False
2024-11-04,04:54:05 | INFO |   torchscript: False
2024-11-04,04:54:05 | INFO |   trace: False
2024-11-04,04:54:05 | INFO |   train_data: ./mscoco/{00000..00059}.tar
2024-11-04,04:54:05 | INFO |   train_data_upsampling_factors: None
2024-11-04,04:54:05 | INFO |   train_num_samples: 60000
2024-11-04,04:54:05 | INFO |   use_bn_sync: False
2024-11-04,04:54:05 | INFO |   use_bnb_linear: None
2024-11-04,04:54:05 | INFO |   val_data: None
2024-11-04,04:54:05 | INFO |   val_frequency: 1
2024-11-04,04:54:05 | INFO |   val_num_samples: None
2024-11-04,04:54:05 | INFO |   wandb: True
2024-11-04,04:54:05 | INFO |   wandb_notes: 
2024-11-04,04:54:05 | INFO |   wandb_project_name: open_clip_main
2024-11-04,04:54:05 | INFO |   warmup: 5000
2024-11-04,04:54:05 | INFO |   wd: 0.2
2024-11-04,04:54:05 | INFO |   workers: 8
2024-11-04,04:54:05 | INFO |   world_size: 1
2024-11-04,04:54:05 | INFO |   zeroshot_frequency: 1
2024-11-04,04:54:10 | INFO | Start epoch 0
2024-11-04,04:54:22 | INFO | Train Epoch: 0 [ 1024/65536 (2%)] Data (t): 7.176 Batch (t): 11.426, 89.6214/s, 89.6214/s/gpu LR: 0.000000 Logit Scale: 14.250 Contrastive_loss: 7.0000 (7.0000) Loss: 7.0000 (7.0000)
2024-11-04,04:55:30 | INFO | Train Epoch: 0 [65536/65536 (100%)] Data (t): 0.727 Batch (t): 1.077, 968.560/s, 968.560/s/gpu LR: 0.000026 Logit Scale: 14.250 Contrastive_loss: 6.6875 (6.8438) Loss: 6.6875 (6.8438)
2024-11-04,04:55:30 | INFO | Starting zero-shot imagenet.
2024-11-04,04:55:30 | INFO | Building zero-shot classifier
2024-11-04,04:55:42 | INFO | Using classifier
2024-11-04,04:56:36 | INFO | Finished zero-shot imagenet.
2024-11-04,04:56:36 | INFO | Eval Epoch: 1 imagenet-zeroshot-val-top1: 0.0016	imagenet-zeroshot-val-top5: 0.0058
2024-11-04,04:56:39 | INFO | Start epoch 1
2024-11-04,04:56:45 | INFO | Train Epoch: 1 [ 1024/65536 (2%)] Data (t): 5.558 Batch (t): 6.400, 159.992/s, 159.992/s/gpu LR: 0.000026 Logit Scale: 14.250 Contrastive_loss: 6.7500 (6.7500) Loss: 6.7500 (6.7500)
2024-11-04,04:57:53 | INFO | Train Epoch: 1 [65536/65536 (100%)] Data (t): 0.738 Batch (t): 1.075, 967.318/s, 967.318/s/gpu LR: 0.000051 Logit Scale: 14.250 Contrastive_loss: 6.4062 (6.5781) Loss: 6.4062 (6.5781)
2024-11-04,04:57:54 | INFO | Starting zero-shot imagenet.
2024-11-04,04:57:54 | INFO | Building zero-shot classifier
2024-11-04,04:58:04 | INFO | Using classifier
2024-11-04,04:58:52 | INFO | Finished zero-shot imagenet.
2024-11-04,04:58:52 | INFO | Eval Epoch: 2 imagenet-zeroshot-val-top1: 0.0024	imagenet-zeroshot-val-top5: 0.0092
2024-11-04,04:58:57 | INFO | Start epoch 2
2024-11-04,04:59:04 | INFO | Train Epoch: 2 [ 1024/65536 (2%)] Data (t): 5.718 Batch (t): 6.074, 168.582/s, 168.582/s/gpu LR: 0.000052 Logit Scale: 14.250 Contrastive_loss: 6.4375 (6.4375) Loss: 6.4375 (6.4375)
2024-11-04,05:00:12 | INFO | Train Epoch: 2 [65536/65536 (100%)] Data (t): 0.736 Batch (t): 1.073, 961.760/s, 961.760/s/gpu LR: 0.000077 Logit Scale: 14.250 Contrastive_loss: 6.0625 (6.2500) Loss: 6.0625 (6.2500)
2024-11-04,05:00:12 | INFO | Starting zero-shot imagenet.
2024-11-04,05:00:12 | INFO | Building zero-shot classifier
2024-11-04,05:00:23 | INFO | Using classifier
2024-11-04,05:01:11 | INFO | Finished zero-shot imagenet.
2024-11-04,05:01:11 | INFO | Eval Epoch: 3 imagenet-zeroshot-val-top1: 0.0032	imagenet-zeroshot-val-top5: 0.0124
2024-11-04,05:01:16 | INFO | Start epoch 3
2024-11-04,05:01:22 | INFO | Train Epoch: 3 [ 1024/65536 (2%)] Data (t): 5.248 Batch (t): 5.618, 182.266/s, 182.266/s/gpu LR: 0.000077 Logit Scale: 14.250 Contrastive_loss: 6.2500 (6.2500) Loss: 6.2500 (6.2500)
2024-11-04,05:02:30 | INFO | Train Epoch: 3 [65536/65536 (100%)] Data (t): 0.737 Batch (t): 1.078, 962.281/s, 962.281/s/gpu LR: 0.000102 Logit Scale: 14.250 Contrastive_loss: 5.8750 (6.0625) Loss: 5.8750 (6.0625)
2024-11-04,05:02:30 | INFO | Starting zero-shot imagenet.
2024-11-04,05:02:30 | INFO | Building zero-shot classifier
2024-11-04,05:02:41 | INFO | Using classifier
2024-11-04,05:03:30 | INFO | Finished zero-shot imagenet.
2024-11-04,05:03:30 | INFO | Eval Epoch: 4 imagenet-zeroshot-val-top1: 0.0045	imagenet-zeroshot-val-top5: 0.0166
2024-11-04,05:03:35 | INFO | Start epoch 4
2024-11-04,05:03:41 | INFO | Train Epoch: 4 [ 1024/65536 (2%)] Data (t): 5.195 Batch (t): 5.545, 184.660/s, 184.660/s/gpu LR: 0.000103 Logit Scale: 14.250 Contrastive_loss: 6.0312 (6.0312) Loss: 6.0312 (6.0312)
2024-11-04,05:04:49 | INFO | Train Epoch: 4 [65536/65536 (100%)] Data (t): 0.749 Batch (t): 1.089, 960.667/s, 960.667/s/gpu LR: 0.000128 Logit Scale: 14.250 Contrastive_loss: 5.6250 (5.8281) Loss: 5.6250 (5.8281)
2024-11-04,05:04:50 | INFO | Starting zero-shot imagenet.
2024-11-04,05:04:50 | INFO | Building zero-shot classifier
2024-11-04,05:05:00 | INFO | Using classifier
2024-11-04,05:05:53 | INFO | Finished zero-shot imagenet.
2024-11-04,05:05:53 | INFO | Eval Epoch: 5 imagenet-zeroshot-val-top1: 0.0049	imagenet-zeroshot-val-top5: 0.0188
2024-11-04,05:05:57 | INFO | Start epoch 5
2024-11-04,05:06:04 | INFO | Train Epoch: 5 [ 1024/65536 (2%)] Data (t): 6.139 Batch (t): 6.505, 157.424/s, 157.424/s/gpu LR: 0.000128 Logit Scale: 14.250 Contrastive_loss: 5.6250 (5.6250) Loss: 5.6250 (5.6250)
2024-11-04,05:07:13 | INFO | Train Epoch: 5 [65536/65536 (100%)] Data (t): 0.749 Batch (t): 1.091, 956.534/s, 956.534/s/gpu LR: 0.000154 Logit Scale: 14.250 Contrastive_loss: 5.5000 (5.5625) Loss: 5.5000 (5.5625)
2024-11-04,05:07:13 | INFO | Starting zero-shot imagenet.
2024-11-04,05:07:13 | INFO | Building zero-shot classifier
2024-11-04,05:07:24 | INFO | Using classifier
2024-11-04,05:08:12 | INFO | Finished zero-shot imagenet.
2024-11-04,05:08:12 | INFO | Eval Epoch: 6 imagenet-zeroshot-val-top1: 0.0076	imagenet-zeroshot-val-top5: 0.0246
2024-11-04,05:08:16 | INFO | Start epoch 6
2024-11-04,05:08:23 | INFO | Train Epoch: 6 [ 1024/65536 (2%)] Data (t): 6.193 Batch (t): 6.564, 156.005/s, 156.005/s/gpu LR: 0.000154 Logit Scale: 14.250 Contrastive_loss: 5.7188 (5.7188) Loss: 5.7188 (5.7188)
2024-11-04,05:09:32 | INFO | Train Epoch: 6 [65536/65536 (100%)] Data (t): 0.748 Batch (t): 1.091, 882.421/s, 882.421/s/gpu LR: 0.000179 Logit Scale: 14.250 Contrastive_loss: 5.4688 (5.5938) Loss: 5.4688 (5.5938)
2024-11-04,05:09:32 | INFO | Starting zero-shot imagenet.
2024-11-04,05:09:32 | INFO | Building zero-shot classifier
2024-11-04,05:09:43 | INFO | Using classifier
2024-11-04,05:10:32 | INFO | Finished zero-shot imagenet.
2024-11-04,05:10:32 | INFO | Eval Epoch: 7 imagenet-zeroshot-val-top1: 0.0072	imagenet-zeroshot-val-top5: 0.0262
2024-11-04,05:10:37 | INFO | Start epoch 7
2024-11-04,05:10:43 | INFO | Train Epoch: 7 [ 1024/65536 (2%)] Data (t): 5.720 Batch (t): 6.084, 168.301/s, 168.301/s/gpu LR: 0.000180 Logit Scale: 14.250 Contrastive_loss: 5.5000 (5.5000) Loss: 5.5000 (5.5000)
2024-11-04,05:11:52 | INFO | Train Epoch: 7 [65536/65536 (100%)] Data (t): 0.753 Batch (t): 1.096, 961.381/s, 961.381/s/gpu LR: 0.000205 Logit Scale: 14.250 Contrastive_loss: 5.2188 (5.3594) Loss: 5.2188 (5.3594)
2024-11-04,05:11:53 | INFO | Starting zero-shot imagenet.
2024-11-04,05:11:53 | INFO | Building zero-shot classifier
2024-11-04,05:12:03 | INFO | Using classifier
2024-11-04,05:12:52 | INFO | Finished zero-shot imagenet.
2024-11-04,05:12:52 | INFO | Eval Epoch: 8 imagenet-zeroshot-val-top1: 0.0079	imagenet-zeroshot-val-top5: 0.0266
2024-11-04,05:12:57 | INFO | Start epoch 8
2024-11-04,05:13:05 | INFO | Train Epoch: 8 [ 1024/65536 (2%)] Data (t): 6.271 Batch (t): 6.621, 154.650/s, 154.650/s/gpu LR: 0.000205 Logit Scale: 14.250 Contrastive_loss: 5.5312 (5.5312) Loss: 5.5312 (5.5312)
2024-11-04,05:14:12 | INFO | Train Epoch: 8 [65536/65536 (100%)] Data (t): 0.737 Batch (t): 1.075, 959.821/s, 959.821/s/gpu LR: 0.000230 Logit Scale: 14.250 Contrastive_loss: 5.1250 (5.3281) Loss: 5.1250 (5.3281)
2024-11-04,05:14:12 | INFO | Starting zero-shot imagenet.
2024-11-04,05:14:12 | INFO | Building zero-shot classifier
2024-11-04,05:14:23 | INFO | Using classifier
2024-11-04,05:15:12 | INFO | Finished zero-shot imagenet.
2024-11-04,05:15:12 | INFO | Eval Epoch: 9 imagenet-zeroshot-val-top1: 0.0093	imagenet-zeroshot-val-top5: 0.0311
2024-11-04,05:15:18 | INFO | Start epoch 9
2024-11-04,05:15:24 | INFO | Train Epoch: 9 [ 1024/65536 (2%)] Data (t): 4.953 Batch (t): 5.325, 192.305/s, 192.305/s/gpu LR: 0.000231 Logit Scale: 14.250 Contrastive_loss: 5.0625 (5.0625) Loss: 5.0625 (5.0625)
2024-11-04,05:16:33 | INFO | Train Epoch: 9 [65536/65536 (100%)] Data (t): 0.757 Batch (t): 1.099, 966.861/s, 966.861/s/gpu LR: 0.000256 Logit Scale: 14.250 Contrastive_loss: 5.0625 (5.0625) Loss: 5.0625 (5.0625)
2024-11-04,05:16:33 | INFO | Starting zero-shot imagenet.
2024-11-04,05:16:33 | INFO | Building zero-shot classifier
2024-11-04,05:16:44 | INFO | Using classifier
2024-11-04,05:17:33 | INFO | Finished zero-shot imagenet.
2024-11-04,05:17:33 | INFO | Eval Epoch: 10 imagenet-zeroshot-val-top1: 0.0097	imagenet-zeroshot-val-top5: 0.0333
2024-11-04,05:17:38 | INFO | Start epoch 10
2024-11-04,05:17:45 | INFO | Train Epoch: 10 [ 1024/65536 (2%)] Data (t): 6.009 Batch (t): 6.370, 160.758/s, 160.758/s/gpu LR: 0.000256 Logit Scale: 14.250 Contrastive_loss: 5.4062 (5.4062) Loss: 5.4062 (5.4062)
2024-11-04,05:18:55 | INFO | Train Epoch: 10 [65536/65536 (100%)] Data (t): 0.764 Batch (t): 1.109, 883.173/s, 883.173/s/gpu LR: 0.000282 Logit Scale: 14.250 Contrastive_loss: 5.2500 (5.3281) Loss: 5.2500 (5.3281)
2024-11-04,05:18:55 | INFO | Starting zero-shot imagenet.
2024-11-04,05:18:55 | INFO | Building zero-shot classifier
2024-11-04,05:19:06 | INFO | Using classifier
2024-11-04,05:19:52 | INFO | Finished zero-shot imagenet.
2024-11-04,05:19:52 | INFO | Eval Epoch: 11 imagenet-zeroshot-val-top1: 0.0106	imagenet-zeroshot-val-top5: 0.0356
2024-11-04,05:19:57 | INFO | Start epoch 11
2024-11-04,05:20:04 | INFO | Train Epoch: 11 [ 1024/65536 (2%)] Data (t): 6.145 Batch (t): 6.495, 157.666/s, 157.666/s/gpu LR: 0.000282 Logit Scale: 14.250 Contrastive_loss: 5.5312 (5.5312) Loss: 5.5312 (5.5312)
2024-11-04,05:21:13 | INFO | Train Epoch: 11 [65536/65536 (100%)] Data (t): 0.749 Batch (t): 1.093, 882.673/s, 882.673/s/gpu LR: 0.000307 Logit Scale: 14.250 Contrastive_loss: 4.9062 (5.2188) Loss: 4.9062 (5.2188)
2024-11-04,05:21:13 | INFO | Starting zero-shot imagenet.
2024-11-04,05:21:13 | INFO | Building zero-shot classifier
2024-11-04,05:21:24 | INFO | Using classifier
2024-11-04,05:22:16 | INFO | Finished zero-shot imagenet.
2024-11-04,05:22:16 | INFO | Eval Epoch: 12 imagenet-zeroshot-val-top1: 0.0123	imagenet-zeroshot-val-top5: 0.0393
2024-11-04,05:22:20 | INFO | Start epoch 12
2024-11-04,05:22:27 | INFO | Train Epoch: 12 [ 1024/65536 (2%)] Data (t): 6.093 Batch (t): 6.428, 159.310/s, 159.310/s/gpu LR: 0.000308 Logit Scale: 14.250 Contrastive_loss: 4.8750 (4.8750) Loss: 4.8750 (4.8750)
2024-11-04,05:23:36 | INFO | Train Epoch: 12 [65536/65536 (100%)] Data (t): 0.749 Batch (t): 1.089, 955.332/s, 955.332/s/gpu LR: 0.000333 Logit Scale: 14.250 Contrastive_loss: 4.8125 (4.8438) Loss: 4.8125 (4.8438)
2024-11-04,05:23:36 | INFO | Starting zero-shot imagenet.
2024-11-04,05:23:36 | INFO | Building zero-shot classifier
2024-11-04,05:23:46 | INFO | Using classifier
2024-11-04,05:24:33 | INFO | Finished zero-shot imagenet.
2024-11-04,05:24:33 | INFO | Eval Epoch: 13 imagenet-zeroshot-val-top1: 0.0109	imagenet-zeroshot-val-top5: 0.0396
2024-11-04,05:24:38 | INFO | Start epoch 13
2024-11-04,05:24:45 | INFO | Train Epoch: 13 [ 1024/65536 (2%)] Data (t): 6.216 Batch (t): 6.575, 155.746/s, 155.746/s/gpu LR: 0.000333 Logit Scale: 14.250 Contrastive_loss: 4.9062 (4.9062) Loss: 4.9062 (4.9062)
2024-11-04,05:25:54 | INFO | Train Epoch: 13 [65536/65536 (100%)] Data (t): 0.751 Batch (t): 1.093, 962.865/s, 962.865/s/gpu LR: 0.000358 Logit Scale: 14.250 Contrastive_loss: 4.6562 (4.7812) Loss: 4.6562 (4.7812)
2024-11-04,05:25:54 | INFO | Starting zero-shot imagenet.
2024-11-04,05:25:54 | INFO | Building zero-shot classifier
2024-11-04,05:26:05 | INFO | Using classifier
2024-11-04,05:26:54 | INFO | Finished zero-shot imagenet.
2024-11-04,05:26:54 | INFO | Eval Epoch: 14 imagenet-zeroshot-val-top1: 0.0117	imagenet-zeroshot-val-top5: 0.0376
2024-11-04,05:26:59 | INFO | Start epoch 14
2024-11-04,05:27:06 | INFO | Train Epoch: 14 [ 1024/65536 (2%)] Data (t): 5.556 Batch (t): 5.953, 172.023/s, 172.023/s/gpu LR: 0.000359 Logit Scale: 14.250 Contrastive_loss: 5.0312 (5.0312) Loss: 5.0312 (5.0312)
2024-11-04,05:28:15 | INFO | Train Epoch: 14 [65536/65536 (100%)] Data (t): 0.751 Batch (t): 1.091, 947.122/s, 947.122/s/gpu LR: 0.000384 Logit Scale: 14.250 Contrastive_loss: 4.7812 (4.9062) Loss: 4.7812 (4.9062)
2024-11-04,05:28:15 | INFO | Starting zero-shot imagenet.
2024-11-04,05:28:15 | INFO | Building zero-shot classifier
2024-11-04,05:28:25 | INFO | Using classifier
2024-11-04,05:29:13 | INFO | Finished zero-shot imagenet.
2024-11-04,05:29:13 | INFO | Eval Epoch: 15 imagenet-zeroshot-val-top1: 0.0123	imagenet-zeroshot-val-top5: 0.0426
2024-11-04,05:29:18 | INFO | Start epoch 15
2024-11-04,05:29:24 | INFO | Train Epoch: 15 [ 1024/65536 (2%)] Data (t): 5.657 Batch (t): 5.998, 170.727/s, 170.727/s/gpu LR: 0.000384 Logit Scale: 14.250 Contrastive_loss: 4.7188 (4.7188) Loss: 4.7188 (4.7188)
2024-11-04,05:30:33 | INFO | Train Epoch: 15 [65536/65536 (100%)] Data (t): 0.742 Batch (t): 1.083, 971.532/s, 971.532/s/gpu LR: 0.000410 Logit Scale: 14.250 Contrastive_loss: 4.5625 (4.6406) Loss: 4.5625 (4.6406)
2024-11-04,05:30:33 | INFO | Starting zero-shot imagenet.
2024-11-04,05:30:33 | INFO | Building zero-shot classifier
2024-11-04,05:30:44 | INFO | Using classifier
2024-11-04,05:31:33 | INFO | Finished zero-shot imagenet.
2024-11-04,05:31:33 | INFO | Eval Epoch: 16 imagenet-zeroshot-val-top1: 0.0132	imagenet-zeroshot-val-top5: 0.0427
2024-11-04,05:31:38 | INFO | Start epoch 16
2024-11-04,05:31:44 | INFO | Train Epoch: 16 [ 1024/65536 (2%)] Data (t): 5.499 Batch (t): 5.868, 174.495/s, 174.495/s/gpu LR: 0.000410 Logit Scale: 14.250 Contrastive_loss: 4.8750 (4.8750) Loss: 4.8750 (4.8750)
2024-11-04,05:32:53 | INFO | Train Epoch: 16 [65536/65536 (100%)] Data (t): 0.752 Batch (t): 1.096, 885.203/s, 885.203/s/gpu LR: 0.000435 Logit Scale: 14.250 Contrastive_loss: 4.5625 (4.7188) Loss: 4.5625 (4.7188)
2024-11-04,05:32:54 | INFO | Starting zero-shot imagenet.
2024-11-04,05:32:54 | INFO | Building zero-shot classifier
2024-11-04,05:33:05 | INFO | Using classifier
2024-11-04,05:33:54 | INFO | Finished zero-shot imagenet.
2024-11-04,05:33:54 | INFO | Eval Epoch: 17 imagenet-zeroshot-val-top1: 0.0127	imagenet-zeroshot-val-top5: 0.0447
2024-11-04,05:33:59 | INFO | Start epoch 17
2024-11-04,05:34:06 | INFO | Train Epoch: 17 [ 1024/65536 (2%)] Data (t): 5.538 Batch (t): 5.890, 173.862/s, 173.862/s/gpu LR: 0.000436 Logit Scale: 14.250 Contrastive_loss: 4.1562 (4.1562) Loss: 4.1562 (4.1562)
2024-11-04,05:35:15 | INFO | Train Epoch: 17 [65536/65536 (100%)] Data (t): 0.759 Batch (t): 1.098, 884.876/s, 884.876/s/gpu LR: 0.000461 Logit Scale: 14.250 Contrastive_loss: 4.3125 (4.2344) Loss: 4.3125 (4.2344)
2024-11-04,05:35:15 | INFO | Starting zero-shot imagenet.
2024-11-04,05:35:15 | INFO | Building zero-shot classifier
2024-11-04,05:35:26 | INFO | Using classifier
2024-11-04,05:36:14 | INFO | Finished zero-shot imagenet.
2024-11-04,05:36:14 | INFO | Eval Epoch: 18 imagenet-zeroshot-val-top1: 0.0147	imagenet-zeroshot-val-top5: 0.0474
2024-11-04,05:36:18 | INFO | Start epoch 18
2024-11-04,05:36:24 | INFO | Train Epoch: 18 [ 1024/65536 (2%)] Data (t): 5.246 Batch (t): 5.607, 182.630/s, 182.630/s/gpu LR: 0.000461 Logit Scale: 14.250 Contrastive_loss: 4.6250 (4.6250) Loss: 4.6250 (4.6250)
2024-11-04,05:37:32 | INFO | Train Epoch: 18 [65536/65536 (100%)] Data (t): 0.741 Batch (t): 1.081, 963.960/s, 963.960/s/gpu LR: 0.000486 Logit Scale: 14.250 Contrastive_loss: 4.0625 (4.3438) Loss: 4.0625 (4.3438)
2024-11-04,05:37:32 | INFO | Starting zero-shot imagenet.
2024-11-04,05:37:32 | INFO | Building zero-shot classifier
2024-11-04,05:37:43 | INFO | Using classifier
2024-11-04,05:38:32 | INFO | Finished zero-shot imagenet.
2024-11-04,05:38:32 | INFO | Eval Epoch: 19 imagenet-zeroshot-val-top1: 0.0139	imagenet-zeroshot-val-top5: 0.0455
2024-11-04,05:38:36 | INFO | Start epoch 19
2024-11-04,05:38:44 | INFO | Train Epoch: 19 [ 1024/65536 (2%)] Data (t): 6.067 Batch (t): 6.453, 158.695/s, 158.695/s/gpu LR: 0.000487 Logit Scale: 14.250 Contrastive_loss: 4.8125 (4.8125) Loss: 4.8125 (4.8125)
2024-11-04,05:39:52 | INFO | Train Epoch: 19 [65536/65536 (100%)] Data (t): 0.745 Batch (t): 1.087, 957.648/s, 957.648/s/gpu LR: 0.000512 Logit Scale: 14.250 Contrastive_loss: 4.1875 (4.5000) Loss: 4.1875 (4.5000)
2024-11-04,05:39:52 | INFO | Starting zero-shot imagenet.
2024-11-04,05:39:52 | INFO | Building zero-shot classifier
2024-11-04,05:40:03 | INFO | Using classifier
2024-11-04,05:40:53 | INFO | Finished zero-shot imagenet.
2024-11-04,05:40:53 | INFO | Eval Epoch: 20 imagenet-zeroshot-val-top1: 0.0158	imagenet-zeroshot-val-top5: 0.0507
2024-11-04,05:40:57 | INFO | Start epoch 20
2024-11-04,05:41:04 | INFO | Train Epoch: 20 [ 1024/65536 (2%)] Data (t): 5.390 Batch (t): 5.775, 177.329/s, 177.329/s/gpu LR: 0.000512 Logit Scale: 14.250 Contrastive_loss: 4.2812 (4.2812) Loss: 4.2812 (4.2812)
2024-11-04,05:42:12 | INFO | Train Epoch: 20 [65536/65536 (100%)] Data (t): 0.743 Batch (t): 1.084, 887.872/s, 887.872/s/gpu LR: 0.000538 Logit Scale: 14.250 Contrastive_loss: 4.0000 (4.1406) Loss: 4.0000 (4.1406)
2024-11-04,05:42:12 | INFO | Starting zero-shot imagenet.
2024-11-04,05:42:12 | INFO | Building zero-shot classifier
2024-11-04,05:42:23 | INFO | Using classifier
2024-11-04,05:43:13 | INFO | Finished zero-shot imagenet.
2024-11-04,05:43:13 | INFO | Eval Epoch: 21 imagenet-zeroshot-val-top1: 0.0156	imagenet-zeroshot-val-top5: 0.0519
2024-11-04,05:43:18 | INFO | Start epoch 21
2024-11-04,05:43:25 | INFO | Train Epoch: 21 [ 1024/65536 (2%)] Data (t): 5.592 Batch (t): 5.956, 171.926/s, 171.926/s/gpu LR: 0.000538 Logit Scale: 14.250 Contrastive_loss: 4.5625 (4.5625) Loss: 4.5625 (4.5625)
2024-11-04,05:44:34 | INFO | Train Epoch: 21 [65536/65536 (100%)] Data (t): 0.757 Batch (t): 1.098, 891.091/s, 891.091/s/gpu LR: 0.000563 Logit Scale: 14.250 Contrastive_loss: 4.0625 (4.3125) Loss: 4.0625 (4.3125)
2024-11-04,05:44:34 | INFO | Starting zero-shot imagenet.
2024-11-04,05:44:34 | INFO | Building zero-shot classifier
2024-11-04,05:44:45 | INFO | Using classifier
2024-11-04,05:45:34 | INFO | Finished zero-shot imagenet.
2024-11-04,05:45:34 | INFO | Eval Epoch: 22 imagenet-zeroshot-val-top1: 0.0162	imagenet-zeroshot-val-top5: 0.0520
2024-11-04,05:45:39 | INFO | Start epoch 22
2024-11-04,05:45:45 | INFO | Train Epoch: 22 [ 1024/65536 (2%)] Data (t): 5.542 Batch (t): 5.917, 173.056/s, 173.056/s/gpu LR: 0.000564 Logit Scale: 14.250 Contrastive_loss: 4.6875 (4.6875) Loss: 4.6875 (4.6875)
2024-11-04,05:46:54 | INFO | Train Epoch: 22 [65536/65536 (100%)] Data (t): 0.747 Batch (t): 1.083, 953.072/s, 953.072/s/gpu LR: 0.000589 Logit Scale: 14.250 Contrastive_loss: 4.2188 (4.4531) Loss: 4.2188 (4.4531)
2024-11-04,05:46:54 | INFO | Starting zero-shot imagenet.
2024-11-04,05:46:54 | INFO | Building zero-shot classifier
2024-11-04,05:47:05 | INFO | Using classifier
2024-11-04,05:47:52 | INFO | Finished zero-shot imagenet.
2024-11-04,05:47:52 | INFO | Eval Epoch: 23 imagenet-zeroshot-val-top1: 0.0154	imagenet-zeroshot-val-top5: 0.0500
2024-11-04,05:47:57 | INFO | Start epoch 23
2024-11-04,05:48:04 | INFO | Train Epoch: 23 [ 1024/65536 (2%)] Data (t): 5.699 Batch (t): 6.054, 169.141/s, 169.141/s/gpu LR: 0.000589 Logit Scale: 14.250 Contrastive_loss: 4.8750 (4.8750) Loss: 4.8750 (4.8750)
2024-11-04,05:49:11 | INFO | Train Epoch: 23 [65536/65536 (100%)] Data (t): 0.738 Batch (t): 1.075, 963.833/s, 963.833/s/gpu LR: 0.000614 Logit Scale: 14.250 Contrastive_loss: 3.8750 (4.3750) Loss: 3.8750 (4.3750)
2024-11-04,05:49:12 | INFO | Starting zero-shot imagenet.
2024-11-04,05:49:12 | INFO | Building zero-shot classifier
2024-11-04,05:49:22 | INFO | Using classifier
2024-11-04,05:50:10 | INFO | Finished zero-shot imagenet.
2024-11-04,05:50:10 | INFO | Eval Epoch: 24 imagenet-zeroshot-val-top1: 0.0165	imagenet-zeroshot-val-top5: 0.0527
2024-11-04,05:50:15 | INFO | Start epoch 24
2024-11-04,05:50:21 | INFO | Train Epoch: 24 [ 1024/65536 (2%)] Data (t): 5.227 Batch (t): 5.594, 183.041/s, 183.041/s/gpu LR: 0.000615 Logit Scale: 14.250 Contrastive_loss: 3.3438 (3.3438) Loss: 3.3438 (3.3438)
2024-11-04,05:51:28 | INFO | Train Epoch: 24 [65536/65536 (100%)] Data (t): 0.734 Batch (t): 1.071, 963.441/s, 963.441/s/gpu LR: 0.000640 Logit Scale: 14.250 Contrastive_loss: 4.1250 (3.7344) Loss: 4.1250 (3.7344)
2024-11-04,05:51:28 | INFO | Starting zero-shot imagenet.
2024-11-04,05:51:28 | INFO | Building zero-shot classifier
2024-11-04,05:51:39 | INFO | Using classifier
2024-11-04,05:52:28 | INFO | Finished zero-shot imagenet.
2024-11-04,05:52:28 | INFO | Eval Epoch: 25 imagenet-zeroshot-val-top1: 0.0165	imagenet-zeroshot-val-top5: 0.0541
2024-11-04,05:52:32 | INFO | Start epoch 25
2024-11-04,05:52:39 | INFO | Train Epoch: 25 [ 1024/65536 (2%)] Data (t): 5.619 Batch (t): 5.984, 171.135/s, 171.135/s/gpu LR: 0.000640 Logit Scale: 14.250 Contrastive_loss: 4.4062 (4.4062) Loss: 4.4062 (4.4062)
2024-11-04,05:53:46 | INFO | Train Epoch: 25 [65536/65536 (100%)] Data (t): 0.734 Batch (t): 1.073, 973.805/s, 973.805/s/gpu LR: 0.000666 Logit Scale: 14.250 Contrastive_loss: 3.6562 (4.0312) Loss: 3.6562 (4.0312)
2024-11-04,05:53:47 | INFO | Starting zero-shot imagenet.
2024-11-04,05:53:47 | INFO | Building zero-shot classifier
2024-11-04,05:53:57 | INFO | Using classifier
2024-11-04,05:54:44 | INFO | Finished zero-shot imagenet.
2024-11-04,05:54:44 | INFO | Eval Epoch: 26 imagenet-zeroshot-val-top1: 0.0182	imagenet-zeroshot-val-top5: 0.0553
2024-11-04,05:54:48 | INFO | Start epoch 26
2024-11-04,05:54:55 | INFO | Train Epoch: 26 [ 1024/65536 (2%)] Data (t): 5.185 Batch (t): 5.552, 184.440/s, 184.440/s/gpu LR: 0.000666 Logit Scale: 14.250 Contrastive_loss: 3.7812 (3.7812) Loss: 3.7812 (3.7812)
2024-11-04,05:56:03 | INFO | Train Epoch: 26 [65536/65536 (100%)] Data (t): 0.742 Batch (t): 1.080, 944.516/s, 944.516/s/gpu LR: 0.000691 Logit Scale: 14.250 Contrastive_loss: 3.8125 (3.7969) Loss: 3.8125 (3.7969)
2024-11-04,05:56:03 | INFO | Starting zero-shot imagenet.
2024-11-04,05:56:03 | INFO | Building zero-shot classifier
2024-11-04,05:56:13 | INFO | Using classifier
2024-11-04,05:57:03 | INFO | Finished zero-shot imagenet.
2024-11-04,05:57:03 | INFO | Eval Epoch: 27 imagenet-zeroshot-val-top1: 0.0163	imagenet-zeroshot-val-top5: 0.0524
2024-11-04,05:57:06 | INFO | Start epoch 27
2024-11-04,05:57:13 | INFO | Train Epoch: 27 [ 1024/65536 (2%)] Data (t): 5.186 Batch (t): 5.531, 185.137/s, 185.137/s/gpu LR: 0.000692 Logit Scale: 14.250 Contrastive_loss: 4.0000 (4.0000) Loss: 4.0000 (4.0000)
2024-11-04,05:58:20 | INFO | Train Epoch: 27 [65536/65536 (100%)] Data (t): 0.740 Batch (t): 1.077, 962.748/s, 962.748/s/gpu LR: 0.000717 Logit Scale: 14.250 Contrastive_loss: 4.0625 (4.0312) Loss: 4.0625 (4.0312)
2024-11-04,05:58:21 | INFO | Starting zero-shot imagenet.
2024-11-04,05:58:21 | INFO | Building zero-shot classifier
2024-11-04,05:58:31 | INFO | Using classifier
2024-11-04,05:59:19 | INFO | Finished zero-shot imagenet.
2024-11-04,05:59:19 | INFO | Eval Epoch: 28 imagenet-zeroshot-val-top1: 0.0173	imagenet-zeroshot-val-top5: 0.0546
2024-11-04,05:59:23 | INFO | Start epoch 28
2024-11-04,05:59:30 | INFO | Train Epoch: 28 [ 1024/65536 (2%)] Data (t): 5.919 Batch (t): 6.270, 163.326/s, 163.326/s/gpu LR: 0.000717 Logit Scale: 14.250 Contrastive_loss: 3.5625 (3.5625) Loss: 3.5625 (3.5625)
2024-11-04,06:00:38 | INFO | Train Epoch: 28 [65536/65536 (100%)] Data (t): 0.742 Batch (t): 1.083, 962.373/s, 962.373/s/gpu LR: 0.000742 Logit Scale: 14.250 Contrastive_loss: 3.6562 (3.6094) Loss: 3.6562 (3.6094)
2024-11-04,06:00:38 | INFO | Starting zero-shot imagenet.
2024-11-04,06:00:38 | INFO | Building zero-shot classifier
2024-11-04,06:00:49 | INFO | Using classifier
2024-11-04,06:01:37 | INFO | Finished zero-shot imagenet.
2024-11-04,06:01:37 | INFO | Eval Epoch: 29 imagenet-zeroshot-val-top1: 0.0184	imagenet-zeroshot-val-top5: 0.0573
2024-11-04,06:01:41 | INFO | Start epoch 29
2024-11-04,06:01:48 | INFO | Train Epoch: 29 [ 1024/65536 (2%)] Data (t): 5.450 Batch (t): 5.807, 176.333/s, 176.333/s/gpu LR: 0.000743 Logit Scale: 14.250 Contrastive_loss: 4.3750 (4.3750) Loss: 4.3750 (4.3750)
2024-11-04,06:02:56 | INFO | Train Epoch: 29 [65536/65536 (100%)] Data (t): 0.743 Batch (t): 1.082, 955.232/s, 955.232/s/gpu LR: 0.000768 Logit Scale: 14.250 Contrastive_loss: 3.4062 (3.8906) Loss: 3.4062 (3.8906)
2024-11-04,06:02:56 | INFO | Starting zero-shot imagenet.
2024-11-04,06:02:56 | INFO | Building zero-shot classifier
2024-11-04,06:03:07 | INFO | Using classifier
2024-11-04,06:03:53 | INFO | Finished zero-shot imagenet.
2024-11-04,06:03:53 | INFO | Eval Epoch: 30 imagenet-zeroshot-val-top1: 0.0189	imagenet-zeroshot-val-top5: 0.0580
2024-11-04,06:03:57 | INFO | Start epoch 30
2024-11-04,06:04:04 | INFO | Train Epoch: 30 [ 1024/65536 (2%)] Data (t): 5.979 Batch (t): 6.346, 161.349/s, 161.349/s/gpu LR: 0.000768 Logit Scale: 14.250 Contrastive_loss: 4.2500 (4.2500) Loss: 4.2500 (4.2500)
2024-11-04,06:05:14 | INFO | Train Epoch: 30 [65536/65536 (100%)] Data (t): 0.767 Batch (t): 1.112, 897.607/s, 897.607/s/gpu LR: 0.000794 Logit Scale: 14.250 Contrastive_loss: 3.7188 (3.9844) Loss: 3.7188 (3.9844)
2024-11-04,06:05:15 | INFO | Starting zero-shot imagenet.
2024-11-04,06:05:15 | INFO | Building zero-shot classifier
2024-11-04,06:05:25 | INFO | Using classifier
2024-11-04,06:06:13 | INFO | Finished zero-shot imagenet.
2024-11-04,06:06:13 | INFO | Eval Epoch: 31 imagenet-zeroshot-val-top1: 0.0202	imagenet-zeroshot-val-top5: 0.0605
2024-11-04,06:06:17 | INFO | Start epoch 31
2024-11-04,06:06:24 | INFO | Train Epoch: 31 [ 1024/65536 (2%)] Data (t): 6.058 Batch (t): 6.422, 159.451/s, 159.451/s/gpu LR: 0.000794 Logit Scale: 14.250 Contrastive_loss: 4.4375 (4.4375) Loss: 4.4375 (4.4375)
2024-11-04,06:07:32 | INFO | Train Epoch: 31 [65536/65536 (100%)] Data (t): 0.737 Batch (t): 1.075, 962.190/s, 962.190/s/gpu LR: 0.000819 Logit Scale: 14.250 Contrastive_loss: 3.4062 (3.9219) Loss: 3.4062 (3.9219)
2024-11-04,06:07:32 | INFO | Starting zero-shot imagenet.
2024-11-04,06:07:32 | INFO | Building zero-shot classifier
2024-11-04,06:07:43 | INFO | Using classifier
2024-11-04,06:08:31 | INFO | Finished zero-shot imagenet.
2024-11-04,06:08:31 | INFO | Eval Epoch: 32 imagenet-zeroshot-val-top1: 0.0189	imagenet-zeroshot-val-top5: 0.0608
2024-11-04,06:08:35 | INFO | Start epoch 32
2024-11-04,06:08:41 | INFO | Train Epoch: 32 [ 1024/65536 (2%)] Data (t): 5.456 Batch (t): 5.819, 175.966/s, 175.966/s/gpu LR: 0.000820 Logit Scale: 14.250 Contrastive_loss: 4.0625 (4.0625) Loss: 4.0625 (4.0625)
2024-11-04,06:09:50 | INFO | Train Epoch: 32 [65536/65536 (100%)] Data (t): 0.749 Batch (t): 1.085, 964.172/s, 964.172/s/gpu LR: 0.000845 Logit Scale: 14.250 Contrastive_loss: 3.6562 (3.8594) Loss: 3.6562 (3.8594)
2024-11-04,06:09:50 | INFO | Starting zero-shot imagenet.
2024-11-04,06:09:50 | INFO | Building zero-shot classifier
2024-11-04,06:10:01 | INFO | Using classifier
2024-11-04,06:10:47 | INFO | Finished zero-shot imagenet.
2024-11-04,06:10:47 | INFO | Eval Epoch: 33 imagenet-zeroshot-val-top1: 0.0191	imagenet-zeroshot-val-top5: 0.0593
2024-11-04,06:10:52 | INFO | Start epoch 33
2024-11-04,06:10:59 | INFO | Train Epoch: 33 [ 1024/65536 (2%)] Data (t): 5.562 Batch (t): 5.933, 172.589/s, 172.589/s/gpu LR: 0.000845 Logit Scale: 14.250 Contrastive_loss: 4.3125 (4.3125) Loss: 4.3125 (4.3125)
2024-11-04,06:12:07 | INFO | Train Epoch: 33 [65536/65536 (100%)] Data (t): 0.739 Batch (t): 1.083, 945.809/s, 945.809/s/gpu LR: 0.000870 Logit Scale: 14.250 Contrastive_loss: 3.5000 (3.9062) Loss: 3.5000 (3.9062)
2024-11-04,06:12:07 | INFO | Starting zero-shot imagenet.
2024-11-04,06:12:07 | INFO | Building zero-shot classifier
2024-11-04,06:12:18 | INFO | Using classifier
2024-11-04,06:13:06 | INFO | Finished zero-shot imagenet.
2024-11-04,06:13:06 | INFO | Eval Epoch: 34 imagenet-zeroshot-val-top1: 0.0211	imagenet-zeroshot-val-top5: 0.0629
2024-11-04,06:13:11 | INFO | Start epoch 34
2024-11-04,06:13:18 | INFO | Train Epoch: 34 [ 1024/65536 (2%)] Data (t): 5.774 Batch (t): 6.157, 166.318/s, 166.318/s/gpu LR: 0.000871 Logit Scale: 14.250 Contrastive_loss: 3.8125 (3.8125) Loss: 3.8125 (3.8125)
2024-11-04,06:14:28 | INFO | Train Epoch: 34 [65536/65536 (100%)] Data (t): 0.769 Batch (t): 1.112, 943.602/s, 943.602/s/gpu LR: 0.000896 Logit Scale: 14.250 Contrastive_loss: 3.2188 (3.5156) Loss: 3.2188 (3.5156)
2024-11-04,06:14:28 | INFO | Starting zero-shot imagenet.
2024-11-04,06:14:28 | INFO | Building zero-shot classifier
2024-11-04,06:14:39 | INFO | Using classifier
2024-11-04,06:15:27 | INFO | Finished zero-shot imagenet.
2024-11-04,06:15:27 | INFO | Eval Epoch: 35 imagenet-zeroshot-val-top1: 0.0210	imagenet-zeroshot-val-top5: 0.0631
2024-11-04,06:15:32 | INFO | Start epoch 35
2024-11-04,06:15:39 | INFO | Train Epoch: 35 [ 1024/65536 (2%)] Data (t): 6.087 Batch (t): 6.450, 158.769/s, 158.769/s/gpu LR: 0.000896 Logit Scale: 14.250 Contrastive_loss: 4.1250 (4.1250) Loss: 4.1250 (4.1250)
2024-11-04,06:16:47 | INFO | Train Epoch: 35 [65536/65536 (100%)] Data (t): 0.740 Batch (t): 1.080, 976.909/s, 976.909/s/gpu LR: 0.000922 Logit Scale: 14.250 Contrastive_loss: 3.7500 (3.9375) Loss: 3.7500 (3.9375)
2024-11-04,06:16:47 | INFO | Starting zero-shot imagenet.
2024-11-04,06:16:47 | INFO | Building zero-shot classifier
2024-11-04,06:16:58 | INFO | Using classifier
2024-11-04,06:17:46 | INFO | Finished zero-shot imagenet.
2024-11-04,06:17:46 | INFO | Eval Epoch: 36 imagenet-zeroshot-val-top1: 0.0221	imagenet-zeroshot-val-top5: 0.0636
2024-11-04,06:17:50 | INFO | Start epoch 36
2024-11-04,06:17:56 | INFO | Train Epoch: 36 [ 1024/65536 (2%)] Data (t): 5.212 Batch (t): 5.551, 184.456/s, 184.456/s/gpu LR: 0.000922 Logit Scale: 14.250 Contrastive_loss: 3.3750 (3.3750) Loss: 3.3750 (3.3750)
2024-11-04,06:19:04 | INFO | Train Epoch: 36 [65536/65536 (100%)] Data (t): 0.741 Batch (t): 1.080, 960.950/s, 960.950/s/gpu LR: 0.000947 Logit Scale: 14.250 Contrastive_loss: 3.4688 (3.4219) Loss: 3.4688 (3.4219)
2024-11-04,06:19:04 | INFO | Starting zero-shot imagenet.
2024-11-04,06:19:04 | INFO | Building zero-shot classifier
2024-11-04,06:19:15 | INFO | Using classifier
2024-11-04,06:20:02 | INFO | Finished zero-shot imagenet.
2024-11-04,06:20:02 | INFO | Eval Epoch: 37 imagenet-zeroshot-val-top1: 0.0202	imagenet-zeroshot-val-top5: 0.0617
2024-11-04,06:20:07 | INFO | Start epoch 37
2024-11-04,06:20:13 | INFO | Train Epoch: 37 [ 1024/65536 (2%)] Data (t): 5.419 Batch (t): 5.781, 177.120/s, 177.120/s/gpu LR: 0.000948 Logit Scale: 14.250 Contrastive_loss: 3.5938 (3.5938) Loss: 3.5938 (3.5938)
2024-11-04,06:21:21 | INFO | Train Epoch: 37 [65536/65536 (100%)] Data (t): 0.736 Batch (t): 1.072, 961.916/s, 961.916/s/gpu LR: 0.000973 Logit Scale: 14.250 Contrastive_loss: 3.1562 (3.3750) Loss: 3.1562 (3.3750)
2024-11-04,06:21:21 | INFO | Starting zero-shot imagenet.
2024-11-04,06:21:21 | INFO | Building zero-shot classifier
2024-11-04,06:21:32 | INFO | Using classifier
2024-11-04,06:22:20 | INFO | Finished zero-shot imagenet.
2024-11-04,06:22:20 | INFO | Eval Epoch: 38 imagenet-zeroshot-val-top1: 0.0211	imagenet-zeroshot-val-top5: 0.0640
2024-11-04,06:22:24 | INFO | Start epoch 38
2024-11-04,06:22:32 | INFO | Train Epoch: 38 [ 1024/65536 (2%)] Data (t): 6.225 Batch (t): 6.571, 155.832/s, 155.832/s/gpu LR: 0.000973 Logit Scale: 14.250 Contrastive_loss: 3.3125 (3.3125) Loss: 3.3125 (3.3125)
2024-11-04,06:23:40 | INFO | Train Epoch: 38 [65536/65536 (100%)] Data (t): 0.740 Batch (t): 1.082, 963.509/s, 963.509/s/gpu LR: 0.000998 Logit Scale: 14.250 Contrastive_loss: 3.1406 (3.2266) Loss: 3.1406 (3.2266)
2024-11-04,06:23:40 | INFO | Starting zero-shot imagenet.
2024-11-04,06:23:40 | INFO | Building zero-shot classifier
2024-11-04,06:23:51 | INFO | Using classifier
2024-11-04,06:24:38 | INFO | Finished zero-shot imagenet.
2024-11-04,06:24:38 | INFO | Eval Epoch: 39 imagenet-zeroshot-val-top1: 0.0214	imagenet-zeroshot-val-top5: 0.0640
2024-11-04,06:24:42 | INFO | Start epoch 39
2024-11-04,06:24:48 | INFO | Train Epoch: 39 [ 1024/65536 (2%)] Data (t): 5.258 Batch (t): 5.610, 182.523/s, 182.523/s/gpu LR: 0.000999 Logit Scale: 14.250 Contrastive_loss: 3.6875 (3.6875) Loss: 3.6875 (3.6875)
2024-11-04,06:25:56 | INFO | Train Epoch: 39 [65536/65536 (100%)] Data (t): 0.738 Batch (t): 1.076, 961.992/s, 961.992/s/gpu LR: 0.001024 Logit Scale: 14.250 Contrastive_loss: 3.0312 (3.3594) Loss: 3.0312 (3.3594)
2024-11-04,06:25:56 | INFO | Starting zero-shot imagenet.
2024-11-04,06:25:56 | INFO | Building zero-shot classifier
2024-11-04,06:26:07 | INFO | Using classifier
2024-11-04,06:26:54 | INFO | Finished zero-shot imagenet.
2024-11-04,06:26:54 | INFO | Eval Epoch: 40 imagenet-zeroshot-val-top1: 0.0223	imagenet-zeroshot-val-top5: 0.0659
2024-11-04,06:26:58 | INFO | Start epoch 40
2024-11-04,06:27:05 | INFO | Train Epoch: 40 [ 1024/65536 (2%)] Data (t): 5.618 Batch (t): 5.981, 171.222/s, 171.222/s/gpu LR: 0.001024 Logit Scale: 14.250 Contrastive_loss: 3.9375 (3.9375) Loss: 3.9375 (3.9375)
2024-11-04,06:28:13 | INFO | Train Epoch: 40 [65536/65536 (100%)] Data (t): 0.737 Batch (t): 1.073, 968.263/s, 968.263/s/gpu LR: 0.001050 Logit Scale: 14.250 Contrastive_loss: 3.2188 (3.5781) Loss: 3.2188 (3.5781)
2024-11-04,06:28:13 | INFO | Starting zero-shot imagenet.
2024-11-04,06:28:13 | INFO | Building zero-shot classifier
2024-11-04,06:28:23 | INFO | Using classifier
2024-11-04,06:29:11 | INFO | Finished zero-shot imagenet.
2024-11-04,06:29:11 | INFO | Eval Epoch: 41 imagenet-zeroshot-val-top1: 0.0224	imagenet-zeroshot-val-top5: 0.0648
2024-11-04,06:29:16 | INFO | Start epoch 41
2024-11-04,06:29:22 | INFO | Train Epoch: 41 [ 1024/65536 (2%)] Data (t): 5.513 Batch (t): 5.883, 174.072/s, 174.072/s/gpu LR: 0.001050 Logit Scale: 14.250 Contrastive_loss: 3.6562 (3.6562) Loss: 3.6562 (3.6562)
2024-11-04,06:30:30 | INFO | Train Epoch: 41 [65536/65536 (100%)] Data (t): 0.739 Batch (t): 1.079, 963.373/s, 963.373/s/gpu LR: 0.001075 Logit Scale: 14.250 Contrastive_loss: 3.3750 (3.5156) Loss: 3.3750 (3.5156)
2024-11-04,06:30:30 | INFO | Starting zero-shot imagenet.
2024-11-04,06:30:30 | INFO | Building zero-shot classifier
2024-11-04,06:30:41 | INFO | Using classifier
2024-11-04,06:31:28 | INFO | Finished zero-shot imagenet.
2024-11-04,06:31:28 | INFO | Eval Epoch: 42 imagenet-zeroshot-val-top1: 0.0253	imagenet-zeroshot-val-top5: 0.0696
2024-11-04,06:31:32 | INFO | Start epoch 42
2024-11-04,06:31:39 | INFO | Train Epoch: 42 [ 1024/65536 (2%)] Data (t): 6.041 Batch (t): 6.376, 160.613/s, 160.613/s/gpu LR: 0.001076 Logit Scale: 14.250 Contrastive_loss: 3.9375 (3.9375) Loss: 3.9375 (3.9375)
2024-11-04,06:32:47 | INFO | Train Epoch: 42 [65536/65536 (100%)] Data (t): 0.739 Batch (t): 1.081, 961.406/s, 961.406/s/gpu LR: 0.001101 Logit Scale: 14.250 Contrastive_loss: 2.5938 (3.2656) Loss: 2.5938 (3.2656)
2024-11-04,06:32:47 | INFO | Starting zero-shot imagenet.
2024-11-04,06:32:47 | INFO | Building zero-shot classifier
2024-11-04,06:32:58 | INFO | Using classifier
2024-11-04,06:33:45 | INFO | Finished zero-shot imagenet.
2024-11-04,06:33:45 | INFO | Eval Epoch: 43 imagenet-zeroshot-val-top1: 0.0227	imagenet-zeroshot-val-top5: 0.0654
2024-11-04,06:33:50 | INFO | Start epoch 43
2024-11-04,06:33:56 | INFO | Train Epoch: 43 [ 1024/65536 (2%)] Data (t): 5.679 Batch (t): 6.049, 169.296/s, 169.296/s/gpu LR: 0.001101 Logit Scale: 14.250 Contrastive_loss: 4.0000 (4.0000) Loss: 4.0000 (4.0000)
2024-11-04,06:35:04 | INFO | Train Epoch: 43 [65536/65536 (100%)] Data (t): 0.734 Batch (t): 1.072, 984.427/s, 984.427/s/gpu LR: 0.001126 Logit Scale: 14.250 Contrastive_loss: 3.4375 (3.7188) Loss: 3.4375 (3.7188)
2024-11-04,06:35:04 | INFO | Starting zero-shot imagenet.
2024-11-04,06:35:04 | INFO | Building zero-shot classifier
2024-11-04,06:35:15 | INFO | Using classifier
2024-11-04,06:36:02 | INFO | Finished zero-shot imagenet.
2024-11-04,06:36:02 | INFO | Eval Epoch: 44 imagenet-zeroshot-val-top1: 0.0234	imagenet-zeroshot-val-top5: 0.0689
2024-11-04,06:36:06 | INFO | Start epoch 44
2024-11-04,06:36:12 | INFO | Train Epoch: 44 [ 1024/65536 (2%)] Data (t): 5.422 Batch (t): 5.754, 177.950/s, 177.950/s/gpu LR: 0.001127 Logit Scale: 14.250 Contrastive_loss: 3.3281 (3.3281) Loss: 3.3281 (3.3281)
2024-11-04,06:37:21 | INFO | Train Epoch: 44 [65536/65536 (100%)] Data (t): 0.743 Batch (t): 1.084, 911.086/s, 911.086/s/gpu LR: 0.001152 Logit Scale: 14.250 Contrastive_loss: 3.1250 (3.2266) Loss: 3.1250 (3.2266)
2024-11-04,06:37:21 | INFO | Starting zero-shot imagenet.
2024-11-04,06:37:21 | INFO | Building zero-shot classifier
2024-11-04,06:37:31 | INFO | Using classifier
2024-11-04,06:38:18 | INFO | Finished zero-shot imagenet.
2024-11-04,06:38:18 | INFO | Eval Epoch: 45 imagenet-zeroshot-val-top1: 0.0224	imagenet-zeroshot-val-top5: 0.0673
2024-11-04,06:38:23 | INFO | Start epoch 45
2024-11-04,06:38:30 | INFO | Train Epoch: 45 [ 1024/65536 (2%)] Data (t): 5.711 Batch (t): 6.106, 167.700/s, 167.700/s/gpu LR: 0.001152 Logit Scale: 14.250 Contrastive_loss: 3.2812 (3.2812) Loss: 3.2812 (3.2812)
2024-11-04,06:39:38 | INFO | Train Epoch: 45 [65536/65536 (100%)] Data (t): 0.745 Batch (t): 1.084, 965.322/s, 965.322/s/gpu LR: 0.001178 Logit Scale: 14.250 Contrastive_loss: 3.1250 (3.2031) Loss: 3.1250 (3.2031)
2024-11-04,06:39:38 | INFO | Starting zero-shot imagenet.
2024-11-04,06:39:38 | INFO | Building zero-shot classifier
2024-11-04,06:39:49 | INFO | Using classifier
2024-11-04,06:40:36 | INFO | Finished zero-shot imagenet.
2024-11-04,06:40:36 | INFO | Eval Epoch: 46 imagenet-zeroshot-val-top1: 0.0226	imagenet-zeroshot-val-top5: 0.0667
2024-11-04,06:40:40 | INFO | Start epoch 46
2024-11-04,06:40:47 | INFO | Train Epoch: 46 [ 1024/65536 (2%)] Data (t): 5.754 Batch (t): 6.103, 167.790/s, 167.790/s/gpu LR: 0.001178 Logit Scale: 14.250 Contrastive_loss: 4.0938 (4.0938) Loss: 4.0938 (4.0938)
2024-11-04,06:41:55 | INFO | Train Epoch: 46 [65536/65536 (100%)] Data (t): 0.737 Batch (t): 1.073, 957.257/s, 957.257/s/gpu LR: 0.001203 Logit Scale: 14.250 Contrastive_loss: 3.4062 (3.7500) Loss: 3.4062 (3.7500)
2024-11-04,06:41:55 | INFO | Starting zero-shot imagenet.
2024-11-04,06:41:55 | INFO | Building zero-shot classifier
2024-11-04,06:42:06 | INFO | Using classifier
2024-11-04,06:42:55 | INFO | Finished zero-shot imagenet.
2024-11-04,06:42:55 | INFO | Eval Epoch: 47 imagenet-zeroshot-val-top1: 0.0243	imagenet-zeroshot-val-top5: 0.0689
2024-11-04,06:42:59 | INFO | Start epoch 47
2024-11-04,06:43:05 | INFO | Train Epoch: 47 [ 1024/65536 (2%)] Data (t): 5.593 Batch (t): 5.954, 171.981/s, 171.981/s/gpu LR: 0.001204 Logit Scale: 14.250 Contrastive_loss: 3.6875 (3.6875) Loss: 3.6875 (3.6875)
2024-11-04,06:44:13 | INFO | Train Epoch: 47 [65536/65536 (100%)] Data (t): 0.737 Batch (t): 1.074, 961.518/s, 961.518/s/gpu LR: 0.001229 Logit Scale: 14.250 Contrastive_loss: 2.7812 (3.2344) Loss: 2.7812 (3.2344)
2024-11-04,06:44:13 | INFO | Starting zero-shot imagenet.
2024-11-04,06:44:13 | INFO | Building zero-shot classifier
2024-11-04,06:44:24 | INFO | Using classifier
2024-11-04,06:45:11 | INFO | Finished zero-shot imagenet.
2024-11-04,06:45:11 | INFO | Eval Epoch: 48 imagenet-zeroshot-val-top1: 0.0233	imagenet-zeroshot-val-top5: 0.0691
2024-11-04,06:45:15 | INFO | Start epoch 48
2024-11-04,06:45:21 | INFO | Train Epoch: 48 [ 1024/65536 (2%)] Data (t): 5.458 Batch (t): 5.798, 176.617/s, 176.617/s/gpu LR: 0.001229 Logit Scale: 14.250 Contrastive_loss: 3.4688 (3.4688) Loss: 3.4688 (3.4688)
2024-11-04,06:46:29 | INFO | Train Epoch: 48 [65536/65536 (100%)] Data (t): 0.739 Batch (t): 1.076, 942.740/s, 942.740/s/gpu LR: 0.001254 Logit Scale: 14.250 Contrastive_loss: 3.1719 (3.3203) Loss: 3.1719 (3.3203)
2024-11-04,06:46:29 | INFO | Starting zero-shot imagenet.
2024-11-04,06:46:29 | INFO | Building zero-shot classifier
2024-11-04,06:46:40 | INFO | Using classifier
2024-11-04,06:47:27 | INFO | Finished zero-shot imagenet.
2024-11-04,06:47:27 | INFO | Eval Epoch: 49 imagenet-zeroshot-val-top1: 0.0250	imagenet-zeroshot-val-top5: 0.0707
2024-11-04,06:47:32 | INFO | Start epoch 49
2024-11-04,06:47:38 | INFO | Train Epoch: 49 [ 1024/65536 (2%)] Data (t): 5.423 Batch (t): 5.805, 176.414/s, 176.414/s/gpu LR: 0.001255 Logit Scale: 14.250 Contrastive_loss: 3.3125 (3.3125) Loss: 3.3125 (3.3125)
2024-11-04,06:48:46 | INFO | Train Epoch: 49 [65536/65536 (100%)] Data (t): 0.737 Batch (t): 1.072, 970.545/s, 970.545/s/gpu LR: 0.001280 Logit Scale: 14.250 Contrastive_loss: 3.2031 (3.2578) Loss: 3.2031 (3.2578)
2024-11-04,06:48:46 | INFO | Starting zero-shot imagenet.
2024-11-04,06:48:46 | INFO | Building zero-shot classifier
2024-11-04,06:48:57 | INFO | Using classifier
2024-11-04,06:49:44 | INFO | Finished zero-shot imagenet.
2024-11-04,06:49:44 | INFO | Eval Epoch: 50 imagenet-zeroshot-val-top1: 0.0245	imagenet-zeroshot-val-top5: 0.0711
2024-11-04,06:49:48 | INFO | Start epoch 50
2024-11-04,06:49:54 | INFO | Train Epoch: 50 [ 1024/65536 (2%)] Data (t): 5.481 Batch (t): 5.833, 175.558/s, 175.558/s/gpu LR: 0.001280 Logit Scale: 14.250 Contrastive_loss: 3.9531 (3.9531) Loss: 3.9531 (3.9531)
2024-11-04,06:51:02 | INFO | Train Epoch: 50 [65536/65536 (100%)] Data (t): 0.737 Batch (t): 1.072, 966.076/s, 966.076/s/gpu LR: 0.001306 Logit Scale: 14.250 Contrastive_loss: 3.1875 (3.5703) Loss: 3.1875 (3.5703)
2024-11-04,06:51:02 | INFO | Starting zero-shot imagenet.
2024-11-04,06:51:02 | INFO | Building zero-shot classifier
2024-11-04,06:51:13 | INFO | Using classifier
2024-11-04,06:52:01 | INFO | Finished zero-shot imagenet.
2024-11-04,06:52:01 | INFO | Eval Epoch: 51 imagenet-zeroshot-val-top1: 0.0244	imagenet-zeroshot-val-top5: 0.0691
2024-11-04,06:52:06 | INFO | Start epoch 51
2024-11-04,06:52:12 | INFO | Train Epoch: 51 [ 1024/65536 (2%)] Data (t): 5.401 Batch (t): 5.760, 177.790/s, 177.790/s/gpu LR: 0.001306 Logit Scale: 14.250 Contrastive_loss: 3.6875 (3.6875) Loss: 3.6875 (3.6875)
2024-11-04,06:53:20 | INFO | Train Epoch: 51 [65536/65536 (100%)] Data (t): 0.738 Batch (t): 1.075, 969.679/s, 969.679/s/gpu LR: 0.001331 Logit Scale: 14.250 Contrastive_loss: 3.1250 (3.4062) Loss: 3.1250 (3.4062)
2024-11-04,06:53:20 | INFO | Starting zero-shot imagenet.
2024-11-04,06:53:20 | INFO | Building zero-shot classifier
2024-11-04,06:53:31 | INFO | Using classifier
2024-11-04,06:54:20 | INFO | Finished zero-shot imagenet.
2024-11-04,06:54:20 | INFO | Eval Epoch: 52 imagenet-zeroshot-val-top1: 0.0248	imagenet-zeroshot-val-top5: 0.0749
2024-11-04,06:54:24 | INFO | Start epoch 52
2024-11-04,06:54:30 | INFO | Train Epoch: 52 [ 1024/65536 (2%)] Data (t): 5.645 Batch (t): 5.980, 171.240/s, 171.240/s/gpu LR: 0.001332 Logit Scale: 14.250 Contrastive_loss: 3.6250 (3.6250) Loss: 3.6250 (3.6250)
2024-11-04,06:55:38 | INFO | Train Epoch: 52 [65536/65536 (100%)] Data (t): 0.736 Batch (t): 1.073, 966.372/s, 966.372/s/gpu LR: 0.001357 Logit Scale: 14.250 Contrastive_loss: 3.2188 (3.4219) Loss: 3.2188 (3.4219)
2024-11-04,06:55:38 | INFO | Starting zero-shot imagenet.
2024-11-04,06:55:38 | INFO | Building zero-shot classifier
2024-11-04,06:55:49 | INFO | Using classifier
2024-11-04,06:56:37 | INFO | Finished zero-shot imagenet.
2024-11-04,06:56:37 | INFO | Eval Epoch: 53 imagenet-zeroshot-val-top1: 0.0244	imagenet-zeroshot-val-top5: 0.0712
2024-11-04,06:56:41 | INFO | Start epoch 53
2024-11-04,06:56:48 | INFO | Train Epoch: 53 [ 1024/65536 (2%)] Data (t): 5.466 Batch (t): 5.838, 175.390/s, 175.390/s/gpu LR: 0.001357 Logit Scale: 14.250 Contrastive_loss: 3.4375 (3.4375) Loss: 3.4375 (3.4375)
2024-11-04,06:57:55 | INFO | Train Epoch: 53 [65536/65536 (100%)] Data (t): 0.737 Batch (t): 1.072, 960.302/s, 960.302/s/gpu LR: 0.001382 Logit Scale: 14.250 Contrastive_loss: 2.9062 (3.1719) Loss: 2.9062 (3.1719)
2024-11-04,06:57:55 | INFO | Starting zero-shot imagenet.
2024-11-04,06:57:55 | INFO | Building zero-shot classifier
2024-11-04,06:58:06 | INFO | Using classifier
2024-11-04,06:58:53 | INFO | Finished zero-shot imagenet.
2024-11-04,06:58:53 | INFO | Eval Epoch: 54 imagenet-zeroshot-val-top1: 0.0243	imagenet-zeroshot-val-top5: 0.0732
2024-11-04,06:58:57 | INFO | Start epoch 54
2024-11-04,06:59:03 | INFO | Train Epoch: 54 [ 1024/65536 (2%)] Data (t): 5.469 Batch (t): 5.842, 175.295/s, 175.295/s/gpu LR: 0.001383 Logit Scale: 14.250 Contrastive_loss: 3.2812 (3.2812) Loss: 3.2812 (3.2812)
2024-11-04,07:00:11 | INFO | Train Epoch: 54 [65536/65536 (100%)] Data (t): 0.736 Batch (t): 1.075, 959.694/s, 959.694/s/gpu LR: 0.001408 Logit Scale: 14.250 Contrastive_loss: 2.7500 (3.0156) Loss: 2.7500 (3.0156)
2024-11-04,07:00:11 | INFO | Starting zero-shot imagenet.
2024-11-04,07:00:11 | INFO | Building zero-shot classifier
2024-11-04,07:00:22 | INFO | Using classifier
2024-11-04,07:01:10 | INFO | Finished zero-shot imagenet.
2024-11-04,07:01:10 | INFO | Eval Epoch: 55 imagenet-zeroshot-val-top1: 0.0242	imagenet-zeroshot-val-top5: 0.0701
2024-11-04,07:01:14 | INFO | Start epoch 55
2024-11-04,07:01:22 | INFO | Train Epoch: 55 [ 1024/65536 (2%)] Data (t): 6.145 Batch (t): 6.480, 158.031/s, 158.031/s/gpu LR: 0.001408 Logit Scale: 14.250 Contrastive_loss: 3.4375 (3.4375) Loss: 3.4375 (3.4375)
2024-11-04,07:02:29 | INFO | Train Epoch: 55 [65536/65536 (100%)] Data (t): 0.735 Batch (t): 1.073, 964.308/s, 964.308/s/gpu LR: 0.001434 Logit Scale: 14.250 Contrastive_loss: 3.0000 (3.2188) Loss: 3.0000 (3.2188)
2024-11-04,07:02:29 | INFO | Starting zero-shot imagenet.
2024-11-04,07:02:29 | INFO | Building zero-shot classifier
2024-11-04,07:02:40 | INFO | Using classifier
2024-11-04,07:03:27 | INFO | Finished zero-shot imagenet.
2024-11-04,07:03:27 | INFO | Eval Epoch: 56 imagenet-zeroshot-val-top1: 0.0250	imagenet-zeroshot-val-top5: 0.0751
2024-11-04,07:03:32 | INFO | Start epoch 56
2024-11-04,07:03:39 | INFO | Train Epoch: 56 [ 1024/65536 (2%)] Data (t): 5.713 Batch (t): 6.067, 168.775/s, 168.775/s/gpu LR: 0.001434 Logit Scale: 14.250 Contrastive_loss: 3.2812 (3.2812) Loss: 3.2812 (3.2812)
2024-11-04,07:04:47 | INFO | Train Epoch: 56 [65536/65536 (100%)] Data (t): 0.746 Batch (t): 1.084, 972.780/s, 972.780/s/gpu LR: 0.001459 Logit Scale: 14.250 Contrastive_loss: 2.7188 (3.0000) Loss: 2.7188 (3.0000)
2024-11-04,07:04:47 | INFO | Starting zero-shot imagenet.
2024-11-04,07:04:47 | INFO | Building zero-shot classifier
2024-11-04,07:04:58 | INFO | Using classifier
2024-11-04,07:05:45 | INFO | Finished zero-shot imagenet.
2024-11-04,07:05:45 | INFO | Eval Epoch: 57 imagenet-zeroshot-val-top1: 0.0261	imagenet-zeroshot-val-top5: 0.0769
2024-11-04,07:05:49 | INFO | Start epoch 57
2024-11-04,07:05:56 | INFO | Train Epoch: 57 [ 1024/65536 (2%)] Data (t): 5.672 Batch (t): 6.034, 169.701/s, 169.701/s/gpu LR: 0.001460 Logit Scale: 14.250 Contrastive_loss: 3.5312 (3.5312) Loss: 3.5312 (3.5312)
2024-11-04,07:07:04 | INFO | Train Epoch: 57 [65536/65536 (100%)] Data (t): 0.743 Batch (t): 1.084, 966.493/s, 966.493/s/gpu LR: 0.001485 Logit Scale: 14.250 Contrastive_loss: 2.5781 (3.0547) Loss: 2.5781 (3.0547)
2024-11-04,07:07:04 | INFO | Starting zero-shot imagenet.
2024-11-04,07:07:04 | INFO | Building zero-shot classifier
2024-11-04,07:07:15 | INFO | Using classifier
2024-11-04,07:08:04 | INFO | Finished zero-shot imagenet.
2024-11-04,07:08:04 | INFO | Eval Epoch: 58 imagenet-zeroshot-val-top1: 0.0247	imagenet-zeroshot-val-top5: 0.0720
2024-11-04,07:08:08 | INFO | Start epoch 58
2024-11-04,07:08:14 | INFO | Train Epoch: 58 [ 1024/65536 (2%)] Data (t): 5.569 Batch (t): 5.942, 172.333/s, 172.333/s/gpu LR: 0.001485 Logit Scale: 14.250 Contrastive_loss: 3.0000 (3.0000) Loss: 3.0000 (3.0000)
2024-11-04,07:09:22 | INFO | Train Epoch: 58 [65536/65536 (100%)] Data (t): 0.740 Batch (t): 1.079, 968.910/s, 968.910/s/gpu LR: 0.001510 Logit Scale: 14.250 Contrastive_loss: 2.7188 (2.8594) Loss: 2.7188 (2.8594)
2024-11-04,07:09:22 | INFO | Starting zero-shot imagenet.
2024-11-04,07:09:22 | INFO | Building zero-shot classifier
2024-11-04,07:09:33 | INFO | Using classifier
2024-11-04,07:10:23 | INFO | Finished zero-shot imagenet.
2024-11-04,07:10:23 | INFO | Eval Epoch: 59 imagenet-zeroshot-val-top1: 0.0257	imagenet-zeroshot-val-top5: 0.0770
2024-11-04,07:10:28 | INFO | Start epoch 59
2024-11-04,07:10:34 | INFO | Train Epoch: 59 [ 1024/65536 (2%)] Data (t): 5.512 Batch (t): 5.875, 174.289/s, 174.289/s/gpu LR: 0.001511 Logit Scale: 14.250 Contrastive_loss: 2.5000 (2.5000) Loss: 2.5000 (2.5000)
2024-11-04,07:11:43 | INFO | Train Epoch: 59 [65536/65536 (100%)] Data (t): 0.749 Batch (t): 1.092, 1011.81/s, 1011.81/s/gpu LR: 0.001536 Logit Scale: 14.250 Contrastive_loss: 2.6875 (2.5938) Loss: 2.6875 (2.5938)
2024-11-04,07:11:43 | INFO | Starting zero-shot imagenet.
2024-11-04,07:11:43 | INFO | Building zero-shot classifier
2024-11-04,07:11:54 | INFO | Using classifier
2024-11-04,07:12:42 | INFO | Finished zero-shot imagenet.
2024-11-04,07:12:42 | INFO | Eval Epoch: 60 imagenet-zeroshot-val-top1: 0.0254	imagenet-zeroshot-val-top5: 0.0737
